[2025-04-25 19:15:01,990] INFO [ControllerEventThread controllerId=0] Starting (kafka.controller.ControllerEventManager$ControllerEventThread)
[2025-04-25 19:15:02,024] INFO [Controller id=0] 0 successfully elected as the controller. Epoch incremented to 1 and epoch zk version is now 1 (kafka.controller.KafkaController)
[2025-04-25 19:15:02,029] INFO [Controller id=0] Creating FeatureZNode at path: /feature with contents: FeatureZNode(2,Enabled,Map()) (kafka.controller.KafkaController)
[2025-04-25 19:15:02,077] INFO [Controller id=0] Registering handlers (kafka.controller.KafkaController)
[2025-04-25 19:15:02,085] INFO [Controller id=0] Deleting log dir event notifications (kafka.controller.KafkaController)
[2025-04-25 19:15:02,091] INFO [Controller id=0] Deleting isr change notifications (kafka.controller.KafkaController)
[2025-04-25 19:15:02,095] INFO [Controller id=0] Initializing controller context (kafka.controller.KafkaController)
[2025-04-25 19:15:02,145] INFO [Controller id=0] Initialized broker epochs cache: Map(0 -> 25) (kafka.controller.KafkaController)
[2025-04-25 19:15:02,155] DEBUG [Controller id=0] Register BrokerModifications handler for Set(0) (kafka.controller.KafkaController)
[2025-04-25 19:15:02,165] DEBUG [Channel manager on controller 0]: Controller 0 trying to connect to broker 0 (kafka.controller.ControllerChannelManager)
[2025-04-25 19:15:02,175] INFO [RequestSendThread controllerId=0] Starting (kafka.controller.RequestSendThread)
[2025-04-25 19:15:02,177] INFO [Controller id=0] Currently active brokers in the cluster: Set(0) (kafka.controller.KafkaController)
[2025-04-25 19:15:02,178] INFO [Controller id=0] Currently shutting brokers in the cluster: Set() (kafka.controller.KafkaController)
[2025-04-25 19:15:02,178] INFO [Controller id=0] Current list of topics in the cluster: Set() (kafka.controller.KafkaController)
[2025-04-25 19:15:02,179] INFO [Controller id=0] Fetching topic deletions in progress (kafka.controller.KafkaController)
[2025-04-25 19:15:02,185] INFO [Controller id=0] List of topics to be deleted:  (kafka.controller.KafkaController)
[2025-04-25 19:15:02,186] INFO [Controller id=0] List of topics ineligible for deletion:  (kafka.controller.KafkaController)
[2025-04-25 19:15:02,186] INFO [Controller id=0] Initializing topic deletion manager (kafka.controller.KafkaController)
[2025-04-25 19:15:02,187] INFO [Topic Deletion Manager 0] Initializing manager with initial deletions: Set(), initial ineligible deletions: Set() (kafka.controller.TopicDeletionManager)
[2025-04-25 19:15:02,187] INFO [Controller id=0] Sending update metadata request (kafka.controller.KafkaController)
[2025-04-25 19:15:02,207] INFO [ReplicaStateMachine controllerId=0] Initializing replica state (kafka.controller.ZkReplicaStateMachine)
[2025-04-25 19:15:02,207] INFO [ReplicaStateMachine controllerId=0] Triggering online replica state changes (kafka.controller.ZkReplicaStateMachine)
[2025-04-25 19:15:02,212] INFO [ReplicaStateMachine controllerId=0] Triggering offline replica state changes (kafka.controller.ZkReplicaStateMachine)
[2025-04-25 19:15:02,213] DEBUG [ReplicaStateMachine controllerId=0] Started replica state machine with initial state -> Map() (kafka.controller.ZkReplicaStateMachine)
[2025-04-25 19:15:02,214] INFO [PartitionStateMachine controllerId=0] Initializing partition state (kafka.controller.ZkPartitionStateMachine)
[2025-04-25 19:15:02,214] INFO [PartitionStateMachine controllerId=0] Triggering online partition state changes (kafka.controller.ZkPartitionStateMachine)
[2025-04-25 19:15:02,220] DEBUG [PartitionStateMachine controllerId=0] Started partition state machine with initial state -> Map() (kafka.controller.ZkPartitionStateMachine)
[2025-04-25 19:15:02,220] INFO [Controller id=0] Ready to serve as the new controller with epoch 1 (kafka.controller.KafkaController)
[2025-04-25 19:15:02,223] WARN [RequestSendThread controllerId=0] Controller 0's connection to broker LAPTOP-ASJUD0VQ.:9092 (id: 0 rack: null) was unsuccessful (kafka.controller.RequestSendThread)
java.io.IOException: Connection to LAPTOP-ASJUD0VQ.:9092 (id: 0 rack: null) failed.
	at org.apache.kafka.clients.NetworkClientUtils.awaitReady(NetworkClientUtils.java:71)
	at kafka.controller.RequestSendThread.brokerReady(ControllerChannelManager.scala:299)
	at kafka.controller.RequestSendThread.doWork(ControllerChannelManager.scala:252)
	at org.apache.kafka.server.util.ShutdownableThread.run(ShutdownableThread.java:135)
[2025-04-25 19:15:02,229] INFO [Controller id=0] Partitions undergoing preferred replica election:  (kafka.controller.KafkaController)
[2025-04-25 19:15:02,230] INFO [Controller id=0] Partitions that completed preferred replica election:  (kafka.controller.KafkaController)
[2025-04-25 19:15:02,230] INFO [Controller id=0] Skipping preferred replica election for partitions due to topic deletion:  (kafka.controller.KafkaController)
[2025-04-25 19:15:02,231] INFO [Controller id=0] Resuming preferred replica election for partitions:  (kafka.controller.KafkaController)
[2025-04-25 19:15:02,233] INFO [Controller id=0] Starting replica leader election (PREFERRED) for partitions  triggered by ZkTriggered (kafka.controller.KafkaController)
[2025-04-25 19:15:02,248] INFO [Controller id=0] Starting the controller scheduler (kafka.controller.KafkaController)
[2025-04-25 19:15:02,332] INFO [RequestSendThread controllerId=0] Controller 0 connected to LAPTOP-ASJUD0VQ.:9092 (id: 0 rack: null) for sending state change requests (kafka.controller.RequestSendThread)
[2025-04-25 19:15:07,249] INFO [Controller id=0] Processing automatic preferred replica leader election (kafka.controller.KafkaController)
[2025-04-25 19:15:07,250] TRACE [Controller id=0] Checking need to trigger auto leader balancing (kafka.controller.KafkaController)
[2025-04-25 19:20:07,251] INFO [Controller id=0] Processing automatic preferred replica leader election (kafka.controller.KafkaController)
[2025-04-25 19:20:07,252] TRACE [Controller id=0] Checking need to trigger auto leader balancing (kafka.controller.KafkaController)
[2025-04-25 19:25:07,253] INFO [Controller id=0] Processing automatic preferred replica leader election (kafka.controller.KafkaController)
[2025-04-25 19:25:07,253] TRACE [Controller id=0] Checking need to trigger auto leader balancing (kafka.controller.KafkaController)
[2025-04-25 19:30:07,254] INFO [Controller id=0] Processing automatic preferred replica leader election (kafka.controller.KafkaController)
[2025-04-25 19:30:07,254] TRACE [Controller id=0] Checking need to trigger auto leader balancing (kafka.controller.KafkaController)
[2025-04-25 19:30:54,201] INFO [Controller id=0] New topics: [Set(words)], deleted topics: [Set()], new partition replica assignment [Set(TopicIdReplicaAssignment(words,Some(2lt8uRpFTQyuSsgIn-44aw),Map(words-0 -> ReplicaAssignment(replicas=0, addingReplicas=, removingReplicas=))))] (kafka.controller.KafkaController)
[2025-04-25 19:30:54,202] INFO [Controller id=0] New partition creation callback for words-0 (kafka.controller.KafkaController)
[2025-04-25 19:30:54,239] INFO [RequestSendThread controllerId=0] Controller 0 connected to LAPTOP-ASJUD0VQ.:9092 (id: 0 rack: null) for sending state change requests (kafka.controller.RequestSendThread)
[2025-04-25 19:35:07,255] INFO [Controller id=0] Processing automatic preferred replica leader election (kafka.controller.KafkaController)
[2025-04-25 19:35:07,255] TRACE [Controller id=0] Checking need to trigger auto leader balancing (kafka.controller.KafkaController)
[2025-04-25 19:35:07,257] DEBUG [Controller id=0] Topics not in preferred replica for broker 0 Map() (kafka.controller.KafkaController)
[2025-04-25 19:35:07,257] TRACE [Controller id=0] Leader imbalance ratio for broker 0 is 0.0 (kafka.controller.KafkaController)
[2025-04-25 19:38:42,951] INFO [Controller id=0] Shutting down broker 0 (kafka.controller.KafkaController)
[2025-04-25 19:38:42,951] DEBUG [Controller id=0] All shutting down brokers: 0 (kafka.controller.KafkaController)
[2025-04-25 19:38:42,951] DEBUG [Controller id=0] Live brokers:  (kafka.controller.KafkaController)
[2025-04-25 19:38:42,955] TRACE [Controller id=0] All leaders = words-0 -> (Leader:0,ISR:0,LeaderRecoveryState:RECOVERED,LeaderEpoch:0,ZkVersion:0,ControllerEpoch:1) (kafka.controller.KafkaController)
[2025-04-25 19:38:43,142] INFO [ControllerEventThread controllerId=0] Shutting down (kafka.controller.ControllerEventManager$ControllerEventThread)
[2025-04-25 19:38:43,142] INFO [ControllerEventThread controllerId=0] Shutdown completed (kafka.controller.ControllerEventManager$ControllerEventThread)
[2025-04-25 19:38:43,142] INFO [ControllerEventThread controllerId=0] Stopped (kafka.controller.ControllerEventManager$ControllerEventThread)
[2025-04-25 19:38:43,143] DEBUG [Controller id=0] Resigning (kafka.controller.KafkaController)
[2025-04-25 19:38:43,143] DEBUG [Controller id=0] Unregister BrokerModifications handler for Set(0) (kafka.controller.KafkaController)
[2025-04-25 19:38:43,144] INFO [PartitionStateMachine controllerId=0] Stopped partition state machine (kafka.controller.ZkPartitionStateMachine)
[2025-04-25 19:38:43,145] INFO [ReplicaStateMachine controllerId=0] Stopped replica state machine (kafka.controller.ZkReplicaStateMachine)
[2025-04-25 19:38:43,146] INFO [RequestSendThread controllerId=0] Shutting down (kafka.controller.RequestSendThread)
[2025-04-25 19:38:43,146] INFO [RequestSendThread controllerId=0] Shutdown completed (kafka.controller.RequestSendThread)
[2025-04-25 19:38:43,146] INFO [RequestSendThread controllerId=0] Stopped (kafka.controller.RequestSendThread)
[2025-04-25 19:38:43,149] INFO [Controller id=0] Resigned (kafka.controller.KafkaController)
