[2025-04-25 19:14:26,035] INFO Reading configuration from: config/zookeeper.properties (org.apache.zookeeper.server.quorum.QuorumPeerConfig)
[2025-04-25 19:14:26,036] WARN config/zookeeper.properties is relative. Prepend ./ to indicate that you're sure! (org.apache.zookeeper.server.quorum.QuorumPeerConfig)
[2025-04-25 19:14:26,041] INFO clientPortAddress is 0.0.0.0:2181 (org.apache.zookeeper.server.quorum.QuorumPeerConfig)
[2025-04-25 19:14:26,042] INFO secureClientPort is not set (org.apache.zookeeper.server.quorum.QuorumPeerConfig)
[2025-04-25 19:14:26,042] INFO observerMasterPort is not set (org.apache.zookeeper.server.quorum.QuorumPeerConfig)
[2025-04-25 19:14:26,042] INFO metricsProvider.className is org.apache.zookeeper.metrics.impl.DefaultMetricsProvider (org.apache.zookeeper.server.quorum.QuorumPeerConfig)
[2025-04-25 19:14:26,046] INFO autopurge.snapRetainCount set to 3 (org.apache.zookeeper.server.DatadirCleanupManager)
[2025-04-25 19:14:26,046] INFO autopurge.purgeInterval set to 0 (org.apache.zookeeper.server.DatadirCleanupManager)
[2025-04-25 19:14:26,047] INFO Purge task is not scheduled. (org.apache.zookeeper.server.DatadirCleanupManager)
[2025-04-25 19:14:26,047] WARN Either no config or no quorum defined in config, running in standalone mode (org.apache.zookeeper.server.quorum.QuorumPeerMain)
[2025-04-25 19:14:26,050] INFO Log4j 1.2 jmx support not found; jmx disabled. (org.apache.zookeeper.jmx.ManagedUtil)
[2025-04-25 19:14:26,051] INFO Reading configuration from: config/zookeeper.properties (org.apache.zookeeper.server.quorum.QuorumPeerConfig)
[2025-04-25 19:14:26,052] WARN config/zookeeper.properties is relative. Prepend ./ to indicate that you're sure! (org.apache.zookeeper.server.quorum.QuorumPeerConfig)
[2025-04-25 19:14:26,052] INFO clientPortAddress is 0.0.0.0:2181 (org.apache.zookeeper.server.quorum.QuorumPeerConfig)
[2025-04-25 19:14:26,052] INFO secureClientPort is not set (org.apache.zookeeper.server.quorum.QuorumPeerConfig)
[2025-04-25 19:14:26,053] INFO observerMasterPort is not set (org.apache.zookeeper.server.quorum.QuorumPeerConfig)
[2025-04-25 19:14:26,053] INFO metricsProvider.className is org.apache.zookeeper.metrics.impl.DefaultMetricsProvider (org.apache.zookeeper.server.quorum.QuorumPeerConfig)
[2025-04-25 19:14:26,053] INFO Starting server (org.apache.zookeeper.server.ZooKeeperServerMain)
[2025-04-25 19:14:26,073] INFO ServerMetrics initialized with provider org.apache.zookeeper.metrics.impl.DefaultMetricsProvider@7ea37dbf (org.apache.zookeeper.server.ServerMetrics)
[2025-04-25 19:14:26,077] INFO ACL digest algorithm is: SHA1 (org.apache.zookeeper.server.auth.DigestAuthenticationProvider)
[2025-04-25 19:14:26,078] INFO zookeeper.DigestAuthenticationProvider.enabled = true (org.apache.zookeeper.server.auth.DigestAuthenticationProvider)
[2025-04-25 19:14:26,082] INFO zookeeper.snapshot.trust.empty : false (org.apache.zookeeper.server.persistence.FileTxnSnapLog)
[2025-04-25 19:14:26,101] INFO  (org.apache.zookeeper.server.ZooKeeperServer)
[2025-04-25 19:14:26,101] INFO   ______                  _                                           (org.apache.zookeeper.server.ZooKeeperServer)
[2025-04-25 19:14:26,101] INFO  |___  /                 | |                                          (org.apache.zookeeper.server.ZooKeeperServer)
[2025-04-25 19:14:26,101] INFO     / /    ___     ___   | | __   ___    ___   _ __     ___   _ __    (org.apache.zookeeper.server.ZooKeeperServer)
[2025-04-25 19:14:26,102] INFO    / /    / _ \   / _ \  | |/ /  / _ \  / _ \ | '_ \   / _ \ | '__| (org.apache.zookeeper.server.ZooKeeperServer)
[2025-04-25 19:14:26,102] INFO   / /__  | (_) | | (_) | |   <  |  __/ |  __/ | |_) | |  __/ | |     (org.apache.zookeeper.server.ZooKeeperServer)
[2025-04-25 19:14:26,102] INFO  /_____|  \___/   \___/  |_|\_\  \___|  \___| | .__/   \___| |_| (org.apache.zookeeper.server.ZooKeeperServer)
[2025-04-25 19:14:26,102] INFO                                               | |                      (org.apache.zookeeper.server.ZooKeeperServer)
[2025-04-25 19:14:26,102] INFO                                               |_|                      (org.apache.zookeeper.server.ZooKeeperServer)
[2025-04-25 19:14:26,102] INFO  (org.apache.zookeeper.server.ZooKeeperServer)
[2025-04-25 19:14:26,106] INFO Server environment:zookeeper.version=3.8.4-9316c2a7a97e1666d8f4593f34dd6fc36ecc436c, built on 2024-02-12 22:16 UTC (org.apache.zookeeper.server.ZooKeeperServer)
[2025-04-25 19:14:26,106] INFO Server environment:host.name=LAPTOP-ASJUD0VQ. (org.apache.zookeeper.server.ZooKeeperServer)
[2025-04-25 19:14:26,106] INFO Server environment:java.version=11.0.26 (org.apache.zookeeper.server.ZooKeeperServer)
[2025-04-25 19:14:26,107] INFO Server environment:java.vendor=Ubuntu (org.apache.zookeeper.server.ZooKeeperServer)
[2025-04-25 19:14:26,107] INFO Server environment:java.home=/usr/lib/jvm/java-11-openjdk-amd64 (org.apache.zookeeper.server.ZooKeeperServer)
[2025-04-25 19:14:26,107] INFO Server environment:java.class.path=/home/twilkhoo/code/backtest/kafka/bin/../libs/activation-1.1.1.jar:/home/twilkhoo/code/backtest/kafka/bin/../libs/aopalliance-repackaged-2.6.1.jar:/home/twilkhoo/code/backtest/kafka/bin/../libs/argparse4j-0.7.0.jar:/home/twilkhoo/code/backtest/kafka/bin/../libs/audience-annotations-0.12.0.jar:/home/twilkhoo/code/backtest/kafka/bin/../libs/caffeine-2.9.3.jar:/home/twilkhoo/code/backtest/kafka/bin/../libs/checker-qual-3.19.0.jar:/home/twilkhoo/code/backtest/kafka/bin/../libs/commons-beanutils-1.9.4.jar:/home/twilkhoo/code/backtest/kafka/bin/../libs/commons-cli-1.4.jar:/home/twilkhoo/code/backtest/kafka/bin/../libs/commons-collections-3.2.2.jar:/home/twilkhoo/code/backtest/kafka/bin/../libs/commons-digester-2.1.jar:/home/twilkhoo/code/backtest/kafka/bin/../libs/commons-io-2.11.0.jar:/home/twilkhoo/code/backtest/kafka/bin/../libs/commons-lang3-3.12.0.jar:/home/twilkhoo/code/backtest/kafka/bin/../libs/commons-logging-1.2.jar:/home/twilkhoo/code/backtest/kafka/bin/../libs/commons-validator-1.7.jar:/home/twilkhoo/code/backtest/kafka/bin/../libs/connect-api-3.8.0.jar:/home/twilkhoo/code/backtest/kafka/bin/../libs/connect-basic-auth-extension-3.8.0.jar:/home/twilkhoo/code/backtest/kafka/bin/../libs/connect-json-3.8.0.jar:/home/twilkhoo/code/backtest/kafka/bin/../libs/connect-mirror-3.8.0.jar:/home/twilkhoo/code/backtest/kafka/bin/../libs/connect-mirror-client-3.8.0.jar:/home/twilkhoo/code/backtest/kafka/bin/../libs/connect-runtime-3.8.0.jar:/home/twilkhoo/code/backtest/kafka/bin/../libs/connect-transforms-3.8.0.jar:/home/twilkhoo/code/backtest/kafka/bin/../libs/error_prone_annotations-2.10.0.jar:/home/twilkhoo/code/backtest/kafka/bin/../libs/hk2-api-2.6.1.jar:/home/twilkhoo/code/backtest/kafka/bin/../libs/hk2-locator-2.6.1.jar:/home/twilkhoo/code/backtest/kafka/bin/../libs/hk2-utils-2.6.1.jar:/home/twilkhoo/code/backtest/kafka/bin/../libs/jackson-annotations-2.16.2.jar:/home/twilkhoo/code/backtest/kafka/bin/../libs/jackson-core-2.16.2.jar:/home/twilkhoo/code/backtest/kafka/bin/../libs/jackson-databind-2.16.2.jar:/home/twilkhoo/code/backtest/kafka/bin/../libs/jackson-dataformat-csv-2.16.2.jar:/home/twilkhoo/code/backtest/kafka/bin/../libs/jackson-datatype-jdk8-2.16.2.jar:/home/twilkhoo/code/backtest/kafka/bin/../libs/jackson-jaxrs-base-2.16.2.jar:/home/twilkhoo/code/backtest/kafka/bin/../libs/jackson-jaxrs-json-provider-2.16.2.jar:/home/twilkhoo/code/backtest/kafka/bin/../libs/jackson-module-afterburner-2.16.2.jar:/home/twilkhoo/code/backtest/kafka/bin/../libs/jackson-module-jaxb-annotations-2.16.2.jar:/home/twilkhoo/code/backtest/kafka/bin/../libs/jackson-module-scala_2.12-2.16.2.jar:/home/twilkhoo/code/backtest/kafka/bin/../libs/jakarta.activation-api-1.2.2.jar:/home/twilkhoo/code/backtest/kafka/bin/../libs/jakarta.annotation-api-1.3.5.jar:/home/twilkhoo/code/backtest/kafka/bin/../libs/jakarta.inject-2.6.1.jar:/home/twilkhoo/code/backtest/kafka/bin/../libs/jakarta.validation-api-2.0.2.jar:/home/twilkhoo/code/backtest/kafka/bin/../libs/jakarta.ws.rs-api-2.1.6.jar:/home/twilkhoo/code/backtest/kafka/bin/../libs/jakarta.xml.bind-api-2.3.3.jar:/home/twilkhoo/code/backtest/kafka/bin/../libs/javassist-3.29.2-GA.jar:/home/twilkhoo/code/backtest/kafka/bin/../libs/javax.activation-api-1.2.0.jar:/home/twilkhoo/code/backtest/kafka/bin/../libs/javax.annotation-api-1.3.2.jar:/home/twilkhoo/code/backtest/kafka/bin/../libs/javax.servlet-api-3.1.0.jar:/home/twilkhoo/code/backtest/kafka/bin/../libs/javax.ws.rs-api-2.1.1.jar:/home/twilkhoo/code/backtest/kafka/bin/../libs/jaxb-api-2.3.1.jar:/home/twilkhoo/code/backtest/kafka/bin/../libs/jersey-client-2.39.1.jar:/home/twilkhoo/code/backtest/kafka/bin/../libs/jersey-common-2.39.1.jar:/home/twilkhoo/code/backtest/kafka/bin/../libs/jersey-container-servlet-2.39.1.jar:/home/twilkhoo/code/backtest/kafka/bin/../libs/jersey-container-servlet-core-2.39.1.jar:/home/twilkhoo/code/backtest/kafka/bin/../libs/jersey-hk2-2.39.1.jar:/home/twilkhoo/code/backtest/kafka/bin/../libs/jersey-server-2.39.1.jar:/home/twilkhoo/code/backtest/kafka/bin/../libs/jetty-client-9.4.54.v20240208.jar:/home/twilkhoo/code/backtest/kafka/bin/../libs/jetty-continuation-9.4.54.v20240208.jar:/home/twilkhoo/code/backtest/kafka/bin/../libs/jetty-http-9.4.54.v20240208.jar:/home/twilkhoo/code/backtest/kafka/bin/../libs/jetty-io-9.4.54.v20240208.jar:/home/twilkhoo/code/backtest/kafka/bin/../libs/jetty-security-9.4.54.v20240208.jar:/home/twilkhoo/code/backtest/kafka/bin/../libs/jetty-server-9.4.54.v20240208.jar:/home/twilkhoo/code/backtest/kafka/bin/../libs/jetty-servlet-9.4.54.v20240208.jar:/home/twilkhoo/code/backtest/kafka/bin/../libs/jetty-servlets-9.4.54.v20240208.jar:/home/twilkhoo/code/backtest/kafka/bin/../libs/jetty-util-9.4.54.v20240208.jar:/home/twilkhoo/code/backtest/kafka/bin/../libs/jetty-util-ajax-9.4.54.v20240208.jar:/home/twilkhoo/code/backtest/kafka/bin/../libs/jline-3.25.1.jar:/home/twilkhoo/code/backtest/kafka/bin/../libs/jopt-simple-5.0.4.jar:/home/twilkhoo/code/backtest/kafka/bin/../libs/jose4j-0.9.4.jar:/home/twilkhoo/code/backtest/kafka/bin/../libs/jsr305-3.0.2.jar:/home/twilkhoo/code/backtest/kafka/bin/../libs/kafka-clients-3.8.0.jar:/home/twilkhoo/code/backtest/kafka/bin/../libs/kafka-group-coordinator-3.8.0.jar:/home/twilkhoo/code/backtest/kafka/bin/../libs/kafka-group-coordinator-api-3.8.0.jar:/home/twilkhoo/code/backtest/kafka/bin/../libs/kafka-log4j-appender-3.8.0.jar:/home/twilkhoo/code/backtest/kafka/bin/../libs/kafka-metadata-3.8.0.jar:/home/twilkhoo/code/backtest/kafka/bin/../libs/kafka-raft-3.8.0.jar:/home/twilkhoo/code/backtest/kafka/bin/../libs/kafka-server-3.8.0.jar:/home/twilkhoo/code/backtest/kafka/bin/../libs/kafka-server-common-3.8.0.jar:/home/twilkhoo/code/backtest/kafka/bin/../libs/kafka-shell-3.8.0.jar:/home/twilkhoo/code/backtest/kafka/bin/../libs/kafka-storage-3.8.0.jar:/home/twilkhoo/code/backtest/kafka/bin/../libs/kafka-storage-api-3.8.0.jar:/home/twilkhoo/code/backtest/kafka/bin/../libs/kafka-streams-3.8.0.jar:/home/twilkhoo/code/backtest/kafka/bin/../libs/kafka-streams-examples-3.8.0.jar:/home/twilkhoo/code/backtest/kafka/bin/../libs/kafka-streams-scala_2.12-3.8.0.jar:/home/twilkhoo/code/backtest/kafka/bin/../libs/kafka-streams-test-utils-3.8.0.jar:/home/twilkhoo/code/backtest/kafka/bin/../libs/kafka-tools-3.8.0.jar:/home/twilkhoo/code/backtest/kafka/bin/../libs/kafka-tools-api-3.8.0.jar:/home/twilkhoo/code/backtest/kafka/bin/../libs/kafka-transaction-coordinator-3.8.0.jar:/home/twilkhoo/code/backtest/kafka/bin/../libs/kafka_2.12-3.8.0.jar:/home/twilkhoo/code/backtest/kafka/bin/../libs/lz4-java-1.8.0.jar:/home/twilkhoo/code/backtest/kafka/bin/../libs/maven-artifact-3.9.6.jar:/home/twilkhoo/code/backtest/kafka/bin/../libs/metrics-core-2.2.0.jar:/home/twilkhoo/code/backtest/kafka/bin/../libs/metrics-core-4.1.12.1.jar:/home/twilkhoo/code/backtest/kafka/bin/../libs/netty-buffer-4.1.110.Final.jar:/home/twilkhoo/code/backtest/kafka/bin/../libs/netty-codec-4.1.110.Final.jar:/home/twilkhoo/code/backtest/kafka/bin/../libs/netty-common-4.1.110.Final.jar:/home/twilkhoo/code/backtest/kafka/bin/../libs/netty-handler-4.1.110.Final.jar:/home/twilkhoo/code/backtest/kafka/bin/../libs/netty-resolver-4.1.110.Final.jar:/home/twilkhoo/code/backtest/kafka/bin/../libs/netty-transport-4.1.110.Final.jar:/home/twilkhoo/code/backtest/kafka/bin/../libs/netty-transport-classes-epoll-4.1.110.Final.jar:/home/twilkhoo/code/backtest/kafka/bin/../libs/netty-transport-native-epoll-4.1.110.Final.jar:/home/twilkhoo/code/backtest/kafka/bin/../libs/netty-transport-native-unix-common-4.1.110.Final.jar:/home/twilkhoo/code/backtest/kafka/bin/../libs/opentelemetry-proto-1.0.0-alpha.jar:/home/twilkhoo/code/backtest/kafka/bin/../libs/osgi-resource-locator-1.0.3.jar:/home/twilkhoo/code/backtest/kafka/bin/../libs/paranamer-2.8.jar:/home/twilkhoo/code/backtest/kafka/bin/../libs/pcollections-4.0.1.jar:/home/twilkhoo/code/backtest/kafka/bin/../libs/plexus-utils-3.5.1.jar:/home/twilkhoo/code/backtest/kafka/bin/../libs/protobuf-java-3.23.4.jar:/home/twilkhoo/code/backtest/kafka/bin/../libs/reflections-0.10.2.jar:/home/twilkhoo/code/backtest/kafka/bin/../libs/reload4j-1.2.25.jar:/home/twilkhoo/code/backtest/kafka/bin/../libs/rocksdbjni-7.9.2.jar:/home/twilkhoo/code/backtest/kafka/bin/../libs/scala-collection-compat_2.12-2.10.0.jar:/home/twilkhoo/code/backtest/kafka/bin/../libs/scala-java8-compat_2.12-1.0.2.jar:/home/twilkhoo/code/backtest/kafka/bin/../libs/scala-library-2.12.19.jar:/home/twilkhoo/code/backtest/kafka/bin/../libs/scala-logging_2.12-3.9.4.jar:/home/twilkhoo/code/backtest/kafka/bin/../libs/scala-reflect-2.12.19.jar:/home/twilkhoo/code/backtest/kafka/bin/../libs/slf4j-api-1.7.36.jar:/home/twilkhoo/code/backtest/kafka/bin/../libs/slf4j-reload4j-1.7.36.jar:/home/twilkhoo/code/backtest/kafka/bin/../libs/snappy-java-1.1.10.5.jar:/home/twilkhoo/code/backtest/kafka/bin/../libs/swagger-annotations-2.2.8.jar:/home/twilkhoo/code/backtest/kafka/bin/../libs/trogdor-3.8.0.jar:/home/twilkhoo/code/backtest/kafka/bin/../libs/zookeeper-3.8.4.jar:/home/twilkhoo/code/backtest/kafka/bin/../libs/zookeeper-jute-3.8.4.jar:/home/twilkhoo/code/backtest/kafka/bin/../libs/zstd-jni-1.5.6-3.jar (org.apache.zookeeper.server.ZooKeeperServer)
[2025-04-25 19:14:26,107] INFO Server environment:java.library.path=/usr/java/packages/lib:/usr/lib/x86_64-linux-gnu/jni:/lib/x86_64-linux-gnu:/usr/lib/x86_64-linux-gnu:/usr/lib/jni:/lib:/usr/lib (org.apache.zookeeper.server.ZooKeeperServer)
[2025-04-25 19:14:26,108] INFO Server environment:java.io.tmpdir=/tmp (org.apache.zookeeper.server.ZooKeeperServer)
[2025-04-25 19:14:26,108] INFO Server environment:java.compiler=<NA> (org.apache.zookeeper.server.ZooKeeperServer)
[2025-04-25 19:14:26,108] INFO Server environment:os.name=Linux (org.apache.zookeeper.server.ZooKeeperServer)
[2025-04-25 19:14:26,108] INFO Server environment:os.arch=amd64 (org.apache.zookeeper.server.ZooKeeperServer)
[2025-04-25 19:14:26,108] INFO Server environment:os.version=5.15.167.4-microsoft-standard-WSL2 (org.apache.zookeeper.server.ZooKeeperServer)
[2025-04-25 19:14:26,108] INFO Server environment:user.name=twilkhoo (org.apache.zookeeper.server.ZooKeeperServer)
[2025-04-25 19:14:26,108] INFO Server environment:user.home=/home/twilkhoo (org.apache.zookeeper.server.ZooKeeperServer)
[2025-04-25 19:14:26,109] INFO Server environment:user.dir=/home/twilkhoo/code/backtest/kafka (org.apache.zookeeper.server.ZooKeeperServer)
[2025-04-25 19:14:26,109] INFO Server environment:os.memory.free=487MB (org.apache.zookeeper.server.ZooKeeperServer)
[2025-04-25 19:14:26,109] INFO Server environment:os.memory.max=512MB (org.apache.zookeeper.server.ZooKeeperServer)
[2025-04-25 19:14:26,109] INFO Server environment:os.memory.total=512MB (org.apache.zookeeper.server.ZooKeeperServer)
[2025-04-25 19:14:26,109] INFO zookeeper.enableEagerACLCheck = false (org.apache.zookeeper.server.ZooKeeperServer)
[2025-04-25 19:14:26,109] INFO zookeeper.digest.enabled = true (org.apache.zookeeper.server.ZooKeeperServer)
[2025-04-25 19:14:26,109] INFO zookeeper.closeSessionTxn.enabled = true (org.apache.zookeeper.server.ZooKeeperServer)
[2025-04-25 19:14:26,110] INFO zookeeper.flushDelay = 0 ms (org.apache.zookeeper.server.ZooKeeperServer)
[2025-04-25 19:14:26,110] INFO zookeeper.maxWriteQueuePollTime = 0 ms (org.apache.zookeeper.server.ZooKeeperServer)
[2025-04-25 19:14:26,110] INFO zookeeper.maxBatchSize=1000 (org.apache.zookeeper.server.ZooKeeperServer)
[2025-04-25 19:14:26,110] INFO zookeeper.intBufferStartingSizeBytes = 1024 (org.apache.zookeeper.server.ZooKeeperServer)
[2025-04-25 19:14:26,112] INFO Weighed connection throttling is disabled (org.apache.zookeeper.server.BlueThrottle)
[2025-04-25 19:14:26,114] INFO minSessionTimeout set to 6000 ms (org.apache.zookeeper.server.ZooKeeperServer)
[2025-04-25 19:14:26,114] INFO maxSessionTimeout set to 60000 ms (org.apache.zookeeper.server.ZooKeeperServer)
[2025-04-25 19:14:26,115] INFO getData response cache size is initialized with value 400. (org.apache.zookeeper.server.ResponseCache)
[2025-04-25 19:14:26,115] INFO getChildren response cache size is initialized with value 400. (org.apache.zookeeper.server.ResponseCache)
[2025-04-25 19:14:26,117] INFO zookeeper.pathStats.slotCapacity = 60 (org.apache.zookeeper.server.util.RequestPathMetricsCollector)
[2025-04-25 19:14:26,117] INFO zookeeper.pathStats.slotDuration = 15 (org.apache.zookeeper.server.util.RequestPathMetricsCollector)
[2025-04-25 19:14:26,117] INFO zookeeper.pathStats.maxDepth = 6 (org.apache.zookeeper.server.util.RequestPathMetricsCollector)
[2025-04-25 19:14:26,118] INFO zookeeper.pathStats.initialDelay = 5 (org.apache.zookeeper.server.util.RequestPathMetricsCollector)
[2025-04-25 19:14:26,118] INFO zookeeper.pathStats.delay = 5 (org.apache.zookeeper.server.util.RequestPathMetricsCollector)
[2025-04-25 19:14:26,118] INFO zookeeper.pathStats.enabled = false (org.apache.zookeeper.server.util.RequestPathMetricsCollector)
[2025-04-25 19:14:26,123] INFO The max bytes for all large requests are set to 104857600 (org.apache.zookeeper.server.ZooKeeperServer)
[2025-04-25 19:14:26,123] INFO The large request threshold is set to -1 (org.apache.zookeeper.server.ZooKeeperServer)
[2025-04-25 19:14:26,124] INFO zookeeper.enforce.auth.enabled = false (org.apache.zookeeper.server.AuthenticationHelper)
[2025-04-25 19:14:26,124] INFO zookeeper.enforce.auth.schemes = [] (org.apache.zookeeper.server.AuthenticationHelper)
[2025-04-25 19:14:26,124] INFO Created server with tickTime 3000 ms minSessionTimeout 6000 ms maxSessionTimeout 60000 ms clientPortListenBacklog -1 datadir /tmp/zookeeper/version-2 snapdir /tmp/zookeeper/version-2 (org.apache.zookeeper.server.ZooKeeperServer)
[2025-04-25 19:14:26,159] INFO Using org.apache.zookeeper.server.NIOServerCnxnFactory as server connection factory (org.apache.zookeeper.server.ServerCnxnFactory)
[2025-04-25 19:14:26,161] WARN maxCnxns is not configured, using default value 0. (org.apache.zookeeper.server.ServerCnxnFactory)
[2025-04-25 19:14:26,162] INFO Configuring NIO connection handler with 10s sessionless connection timeout, 2 selector thread(s), 24 worker threads, and 64 kB direct buffers. (org.apache.zookeeper.server.NIOServerCnxnFactory)
[2025-04-25 19:14:26,173] INFO binding to port 0.0.0.0/0.0.0.0:2181 (org.apache.zookeeper.server.NIOServerCnxnFactory)
[2025-04-25 19:14:26,194] INFO Using org.apache.zookeeper.server.watch.WatchManager as watch manager (org.apache.zookeeper.server.watch.WatchManagerFactory)
[2025-04-25 19:14:26,194] INFO Using org.apache.zookeeper.server.watch.WatchManager as watch manager (org.apache.zookeeper.server.watch.WatchManagerFactory)
[2025-04-25 19:14:26,196] INFO zookeeper.snapshotSizeFactor = 0.33 (org.apache.zookeeper.server.ZKDatabase)
[2025-04-25 19:14:26,196] INFO zookeeper.commitLogCount=500 (org.apache.zookeeper.server.ZKDatabase)
[2025-04-25 19:14:26,203] INFO zookeeper.snapshot.compression.method = CHECKED (org.apache.zookeeper.server.persistence.SnapStream)
[2025-04-25 19:14:26,203] INFO Snapshotting: 0x0 to /tmp/zookeeper/version-2/snapshot.0 (org.apache.zookeeper.server.persistence.FileTxnSnapLog)
[2025-04-25 19:14:26,207] INFO Snapshot loaded in 11 ms, highest zxid is 0x0, digest is 1371985504 (org.apache.zookeeper.server.ZKDatabase)
[2025-04-25 19:14:26,208] INFO Snapshotting: 0x0 to /tmp/zookeeper/version-2/snapshot.0 (org.apache.zookeeper.server.persistence.FileTxnSnapLog)
[2025-04-25 19:14:26,209] INFO Snapshot taken in 1 ms (org.apache.zookeeper.server.ZooKeeperServer)
[2025-04-25 19:14:26,220] INFO PrepRequestProcessor (sid:0) started, reconfigEnabled=false (org.apache.zookeeper.server.PrepRequestProcessor)
[2025-04-25 19:14:26,222] INFO zookeeper.request_throttler.shutdownTimeout = 10000 ms (org.apache.zookeeper.server.RequestThrottler)
[2025-04-25 19:14:26,242] INFO Using checkIntervalMs=60000 maxPerMinute=10000 maxNeverUsedIntervalMs=0 (org.apache.zookeeper.server.ContainerManager)
[2025-04-25 19:14:26,243] INFO ZooKeeper audit is disabled. (org.apache.zookeeper.audit.ZKAuditProvider)
[2025-04-25 19:15:00,039] INFO Registered kafka:type=kafka.Log4jController MBean (kafka.utils.Log4jControllerRegistration$)
[2025-04-25 19:15:00,459] INFO Setting -D jdk.tls.rejectClientInitiatedRenegotiation=true to disable client-initiated TLS renegotiation (org.apache.zookeeper.common.X509Util)
[2025-04-25 19:15:00,461] INFO RemoteLogManagerConfig values: 
	log.local.retention.bytes = -2
	log.local.retention.ms = -2
	remote.fetch.max.wait.ms = 500
	remote.log.index.file.cache.total.size.bytes = 1073741824
	remote.log.manager.copier.thread.pool.size = 10
	remote.log.manager.copy.max.bytes.per.second = 9223372036854775807
	remote.log.manager.copy.quota.window.num = 11
	remote.log.manager.copy.quota.window.size.seconds = 1
	remote.log.manager.expiration.thread.pool.size = 10
	remote.log.manager.fetch.max.bytes.per.second = 9223372036854775807
	remote.log.manager.fetch.quota.window.num = 11
	remote.log.manager.fetch.quota.window.size.seconds = 1
	remote.log.manager.task.interval.ms = 30000
	remote.log.manager.task.retry.backoff.max.ms = 30000
	remote.log.manager.task.retry.backoff.ms = 500
	remote.log.manager.task.retry.jitter = 0.2
	remote.log.manager.thread.pool.size = 10
	remote.log.metadata.custom.metadata.max.bytes = 128
	remote.log.metadata.manager.class.name = org.apache.kafka.server.log.remote.metadata.storage.TopicBasedRemoteLogMetadataManager
	remote.log.metadata.manager.class.path = null
	remote.log.metadata.manager.impl.prefix = rlmm.config.
	remote.log.metadata.manager.listener.name = null
	remote.log.reader.max.pending.tasks = 100
	remote.log.reader.threads = 10
	remote.log.storage.manager.class.name = null
	remote.log.storage.manager.class.path = null
	remote.log.storage.manager.impl.prefix = rsm.config.
	remote.log.storage.system.enable = false
 (org.apache.kafka.server.log.remote.storage.RemoteLogManagerConfig)
[2025-04-25 19:15:00,606] INFO Registered signal handlers for TERM, INT, HUP (org.apache.kafka.common.utils.LoggingSignalHandler)
[2025-04-25 19:15:00,609] INFO starting (kafka.server.KafkaServer)
[2025-04-25 19:15:00,609] INFO Connecting to zookeeper on localhost:2181 (kafka.server.KafkaServer)
[2025-04-25 19:15:00,634] INFO [ZooKeeperClient Kafka server] Initializing a new session to localhost:2181. (kafka.zookeeper.ZooKeeperClient)
[2025-04-25 19:15:00,639] INFO Client environment:zookeeper.version=3.8.4-9316c2a7a97e1666d8f4593f34dd6fc36ecc436c, built on 2024-02-12 22:16 UTC (org.apache.zookeeper.ZooKeeper)
[2025-04-25 19:15:00,640] INFO Client environment:host.name=LAPTOP-ASJUD0VQ. (org.apache.zookeeper.ZooKeeper)
[2025-04-25 19:15:00,640] INFO Client environment:java.version=11.0.26 (org.apache.zookeeper.ZooKeeper)
[2025-04-25 19:15:00,640] INFO Client environment:java.vendor=Ubuntu (org.apache.zookeeper.ZooKeeper)
[2025-04-25 19:15:00,640] INFO Client environment:java.home=/usr/lib/jvm/java-11-openjdk-amd64 (org.apache.zookeeper.ZooKeeper)
[2025-04-25 19:15:00,640] INFO Client environment:java.class.path=/home/twilkhoo/code/backtest/kafka/bin/../libs/activation-1.1.1.jar:/home/twilkhoo/code/backtest/kafka/bin/../libs/aopalliance-repackaged-2.6.1.jar:/home/twilkhoo/code/backtest/kafka/bin/../libs/argparse4j-0.7.0.jar:/home/twilkhoo/code/backtest/kafka/bin/../libs/audience-annotations-0.12.0.jar:/home/twilkhoo/code/backtest/kafka/bin/../libs/caffeine-2.9.3.jar:/home/twilkhoo/code/backtest/kafka/bin/../libs/checker-qual-3.19.0.jar:/home/twilkhoo/code/backtest/kafka/bin/../libs/commons-beanutils-1.9.4.jar:/home/twilkhoo/code/backtest/kafka/bin/../libs/commons-cli-1.4.jar:/home/twilkhoo/code/backtest/kafka/bin/../libs/commons-collections-3.2.2.jar:/home/twilkhoo/code/backtest/kafka/bin/../libs/commons-digester-2.1.jar:/home/twilkhoo/code/backtest/kafka/bin/../libs/commons-io-2.11.0.jar:/home/twilkhoo/code/backtest/kafka/bin/../libs/commons-lang3-3.12.0.jar:/home/twilkhoo/code/backtest/kafka/bin/../libs/commons-logging-1.2.jar:/home/twilkhoo/code/backtest/kafka/bin/../libs/commons-validator-1.7.jar:/home/twilkhoo/code/backtest/kafka/bin/../libs/connect-api-3.8.0.jar:/home/twilkhoo/code/backtest/kafka/bin/../libs/connect-basic-auth-extension-3.8.0.jar:/home/twilkhoo/code/backtest/kafka/bin/../libs/connect-json-3.8.0.jar:/home/twilkhoo/code/backtest/kafka/bin/../libs/connect-mirror-3.8.0.jar:/home/twilkhoo/code/backtest/kafka/bin/../libs/connect-mirror-client-3.8.0.jar:/home/twilkhoo/code/backtest/kafka/bin/../libs/connect-runtime-3.8.0.jar:/home/twilkhoo/code/backtest/kafka/bin/../libs/connect-transforms-3.8.0.jar:/home/twilkhoo/code/backtest/kafka/bin/../libs/error_prone_annotations-2.10.0.jar:/home/twilkhoo/code/backtest/kafka/bin/../libs/hk2-api-2.6.1.jar:/home/twilkhoo/code/backtest/kafka/bin/../libs/hk2-locator-2.6.1.jar:/home/twilkhoo/code/backtest/kafka/bin/../libs/hk2-utils-2.6.1.jar:/home/twilkhoo/code/backtest/kafka/bin/../libs/jackson-annotations-2.16.2.jar:/home/twilkhoo/code/backtest/kafka/bin/../libs/jackson-core-2.16.2.jar:/home/twilkhoo/code/backtest/kafka/bin/../libs/jackson-databind-2.16.2.jar:/home/twilkhoo/code/backtest/kafka/bin/../libs/jackson-dataformat-csv-2.16.2.jar:/home/twilkhoo/code/backtest/kafka/bin/../libs/jackson-datatype-jdk8-2.16.2.jar:/home/twilkhoo/code/backtest/kafka/bin/../libs/jackson-jaxrs-base-2.16.2.jar:/home/twilkhoo/code/backtest/kafka/bin/../libs/jackson-jaxrs-json-provider-2.16.2.jar:/home/twilkhoo/code/backtest/kafka/bin/../libs/jackson-module-afterburner-2.16.2.jar:/home/twilkhoo/code/backtest/kafka/bin/../libs/jackson-module-jaxb-annotations-2.16.2.jar:/home/twilkhoo/code/backtest/kafka/bin/../libs/jackson-module-scala_2.12-2.16.2.jar:/home/twilkhoo/code/backtest/kafka/bin/../libs/jakarta.activation-api-1.2.2.jar:/home/twilkhoo/code/backtest/kafka/bin/../libs/jakarta.annotation-api-1.3.5.jar:/home/twilkhoo/code/backtest/kafka/bin/../libs/jakarta.inject-2.6.1.jar:/home/twilkhoo/code/backtest/kafka/bin/../libs/jakarta.validation-api-2.0.2.jar:/home/twilkhoo/code/backtest/kafka/bin/../libs/jakarta.ws.rs-api-2.1.6.jar:/home/twilkhoo/code/backtest/kafka/bin/../libs/jakarta.xml.bind-api-2.3.3.jar:/home/twilkhoo/code/backtest/kafka/bin/../libs/javassist-3.29.2-GA.jar:/home/twilkhoo/code/backtest/kafka/bin/../libs/javax.activation-api-1.2.0.jar:/home/twilkhoo/code/backtest/kafka/bin/../libs/javax.annotation-api-1.3.2.jar:/home/twilkhoo/code/backtest/kafka/bin/../libs/javax.servlet-api-3.1.0.jar:/home/twilkhoo/code/backtest/kafka/bin/../libs/javax.ws.rs-api-2.1.1.jar:/home/twilkhoo/code/backtest/kafka/bin/../libs/jaxb-api-2.3.1.jar:/home/twilkhoo/code/backtest/kafka/bin/../libs/jersey-client-2.39.1.jar:/home/twilkhoo/code/backtest/kafka/bin/../libs/jersey-common-2.39.1.jar:/home/twilkhoo/code/backtest/kafka/bin/../libs/jersey-container-servlet-2.39.1.jar:/home/twilkhoo/code/backtest/kafka/bin/../libs/jersey-container-servlet-core-2.39.1.jar:/home/twilkhoo/code/backtest/kafka/bin/../libs/jersey-hk2-2.39.1.jar:/home/twilkhoo/code/backtest/kafka/bin/../libs/jersey-server-2.39.1.jar:/home/twilkhoo/code/backtest/kafka/bin/../libs/jetty-client-9.4.54.v20240208.jar:/home/twilkhoo/code/backtest/kafka/bin/../libs/jetty-continuation-9.4.54.v20240208.jar:/home/twilkhoo/code/backtest/kafka/bin/../libs/jetty-http-9.4.54.v20240208.jar:/home/twilkhoo/code/backtest/kafka/bin/../libs/jetty-io-9.4.54.v20240208.jar:/home/twilkhoo/code/backtest/kafka/bin/../libs/jetty-security-9.4.54.v20240208.jar:/home/twilkhoo/code/backtest/kafka/bin/../libs/jetty-server-9.4.54.v20240208.jar:/home/twilkhoo/code/backtest/kafka/bin/../libs/jetty-servlet-9.4.54.v20240208.jar:/home/twilkhoo/code/backtest/kafka/bin/../libs/jetty-servlets-9.4.54.v20240208.jar:/home/twilkhoo/code/backtest/kafka/bin/../libs/jetty-util-9.4.54.v20240208.jar:/home/twilkhoo/code/backtest/kafka/bin/../libs/jetty-util-ajax-9.4.54.v20240208.jar:/home/twilkhoo/code/backtest/kafka/bin/../libs/jline-3.25.1.jar:/home/twilkhoo/code/backtest/kafka/bin/../libs/jopt-simple-5.0.4.jar:/home/twilkhoo/code/backtest/kafka/bin/../libs/jose4j-0.9.4.jar:/home/twilkhoo/code/backtest/kafka/bin/../libs/jsr305-3.0.2.jar:/home/twilkhoo/code/backtest/kafka/bin/../libs/kafka-clients-3.8.0.jar:/home/twilkhoo/code/backtest/kafka/bin/../libs/kafka-group-coordinator-3.8.0.jar:/home/twilkhoo/code/backtest/kafka/bin/../libs/kafka-group-coordinator-api-3.8.0.jar:/home/twilkhoo/code/backtest/kafka/bin/../libs/kafka-log4j-appender-3.8.0.jar:/home/twilkhoo/code/backtest/kafka/bin/../libs/kafka-metadata-3.8.0.jar:/home/twilkhoo/code/backtest/kafka/bin/../libs/kafka-raft-3.8.0.jar:/home/twilkhoo/code/backtest/kafka/bin/../libs/kafka-server-3.8.0.jar:/home/twilkhoo/code/backtest/kafka/bin/../libs/kafka-server-common-3.8.0.jar:/home/twilkhoo/code/backtest/kafka/bin/../libs/kafka-shell-3.8.0.jar:/home/twilkhoo/code/backtest/kafka/bin/../libs/kafka-storage-3.8.0.jar:/home/twilkhoo/code/backtest/kafka/bin/../libs/kafka-storage-api-3.8.0.jar:/home/twilkhoo/code/backtest/kafka/bin/../libs/kafka-streams-3.8.0.jar:/home/twilkhoo/code/backtest/kafka/bin/../libs/kafka-streams-examples-3.8.0.jar:/home/twilkhoo/code/backtest/kafka/bin/../libs/kafka-streams-scala_2.12-3.8.0.jar:/home/twilkhoo/code/backtest/kafka/bin/../libs/kafka-streams-test-utils-3.8.0.jar:/home/twilkhoo/code/backtest/kafka/bin/../libs/kafka-tools-3.8.0.jar:/home/twilkhoo/code/backtest/kafka/bin/../libs/kafka-tools-api-3.8.0.jar:/home/twilkhoo/code/backtest/kafka/bin/../libs/kafka-transaction-coordinator-3.8.0.jar:/home/twilkhoo/code/backtest/kafka/bin/../libs/kafka_2.12-3.8.0.jar:/home/twilkhoo/code/backtest/kafka/bin/../libs/lz4-java-1.8.0.jar:/home/twilkhoo/code/backtest/kafka/bin/../libs/maven-artifact-3.9.6.jar:/home/twilkhoo/code/backtest/kafka/bin/../libs/metrics-core-2.2.0.jar:/home/twilkhoo/code/backtest/kafka/bin/../libs/metrics-core-4.1.12.1.jar:/home/twilkhoo/code/backtest/kafka/bin/../libs/netty-buffer-4.1.110.Final.jar:/home/twilkhoo/code/backtest/kafka/bin/../libs/netty-codec-4.1.110.Final.jar:/home/twilkhoo/code/backtest/kafka/bin/../libs/netty-common-4.1.110.Final.jar:/home/twilkhoo/code/backtest/kafka/bin/../libs/netty-handler-4.1.110.Final.jar:/home/twilkhoo/code/backtest/kafka/bin/../libs/netty-resolver-4.1.110.Final.jar:/home/twilkhoo/code/backtest/kafka/bin/../libs/netty-transport-4.1.110.Final.jar:/home/twilkhoo/code/backtest/kafka/bin/../libs/netty-transport-classes-epoll-4.1.110.Final.jar:/home/twilkhoo/code/backtest/kafka/bin/../libs/netty-transport-native-epoll-4.1.110.Final.jar:/home/twilkhoo/code/backtest/kafka/bin/../libs/netty-transport-native-unix-common-4.1.110.Final.jar:/home/twilkhoo/code/backtest/kafka/bin/../libs/opentelemetry-proto-1.0.0-alpha.jar:/home/twilkhoo/code/backtest/kafka/bin/../libs/osgi-resource-locator-1.0.3.jar:/home/twilkhoo/code/backtest/kafka/bin/../libs/paranamer-2.8.jar:/home/twilkhoo/code/backtest/kafka/bin/../libs/pcollections-4.0.1.jar:/home/twilkhoo/code/backtest/kafka/bin/../libs/plexus-utils-3.5.1.jar:/home/twilkhoo/code/backtest/kafka/bin/../libs/protobuf-java-3.23.4.jar:/home/twilkhoo/code/backtest/kafka/bin/../libs/reflections-0.10.2.jar:/home/twilkhoo/code/backtest/kafka/bin/../libs/reload4j-1.2.25.jar:/home/twilkhoo/code/backtest/kafka/bin/../libs/rocksdbjni-7.9.2.jar:/home/twilkhoo/code/backtest/kafka/bin/../libs/scala-collection-compat_2.12-2.10.0.jar:/home/twilkhoo/code/backtest/kafka/bin/../libs/scala-java8-compat_2.12-1.0.2.jar:/home/twilkhoo/code/backtest/kafka/bin/../libs/scala-library-2.12.19.jar:/home/twilkhoo/code/backtest/kafka/bin/../libs/scala-logging_2.12-3.9.4.jar:/home/twilkhoo/code/backtest/kafka/bin/../libs/scala-reflect-2.12.19.jar:/home/twilkhoo/code/backtest/kafka/bin/../libs/slf4j-api-1.7.36.jar:/home/twilkhoo/code/backtest/kafka/bin/../libs/slf4j-reload4j-1.7.36.jar:/home/twilkhoo/code/backtest/kafka/bin/../libs/snappy-java-1.1.10.5.jar:/home/twilkhoo/code/backtest/kafka/bin/../libs/swagger-annotations-2.2.8.jar:/home/twilkhoo/code/backtest/kafka/bin/../libs/trogdor-3.8.0.jar:/home/twilkhoo/code/backtest/kafka/bin/../libs/zookeeper-3.8.4.jar:/home/twilkhoo/code/backtest/kafka/bin/../libs/zookeeper-jute-3.8.4.jar:/home/twilkhoo/code/backtest/kafka/bin/../libs/zstd-jni-1.5.6-3.jar (org.apache.zookeeper.ZooKeeper)
[2025-04-25 19:15:00,640] INFO Client environment:java.library.path=/usr/java/packages/lib:/usr/lib/x86_64-linux-gnu/jni:/lib/x86_64-linux-gnu:/usr/lib/x86_64-linux-gnu:/usr/lib/jni:/lib:/usr/lib (org.apache.zookeeper.ZooKeeper)
[2025-04-25 19:15:00,640] INFO Client environment:java.io.tmpdir=/tmp (org.apache.zookeeper.ZooKeeper)
[2025-04-25 19:15:00,640] INFO Client environment:java.compiler=<NA> (org.apache.zookeeper.ZooKeeper)
[2025-04-25 19:15:00,641] INFO Client environment:os.name=Linux (org.apache.zookeeper.ZooKeeper)
[2025-04-25 19:15:00,641] INFO Client environment:os.arch=amd64 (org.apache.zookeeper.ZooKeeper)
[2025-04-25 19:15:00,641] INFO Client environment:os.version=5.15.167.4-microsoft-standard-WSL2 (org.apache.zookeeper.ZooKeeper)
[2025-04-25 19:15:00,641] INFO Client environment:user.name=twilkhoo (org.apache.zookeeper.ZooKeeper)
[2025-04-25 19:15:00,641] INFO Client environment:user.home=/home/twilkhoo (org.apache.zookeeper.ZooKeeper)
[2025-04-25 19:15:00,641] INFO Client environment:user.dir=/home/twilkhoo/code/backtest/kafka (org.apache.zookeeper.ZooKeeper)
[2025-04-25 19:15:00,641] INFO Client environment:os.memory.free=1012MB (org.apache.zookeeper.ZooKeeper)
[2025-04-25 19:15:00,641] INFO Client environment:os.memory.max=1024MB (org.apache.zookeeper.ZooKeeper)
[2025-04-25 19:15:00,641] INFO Client environment:os.memory.total=1024MB (org.apache.zookeeper.ZooKeeper)
[2025-04-25 19:15:00,643] INFO Initiating client connection, connectString=localhost:2181 sessionTimeout=18000 watcher=kafka.zookeeper.ZooKeeperClient$ZooKeeperClientWatcher$@2049a9c1 (org.apache.zookeeper.ZooKeeper)
[2025-04-25 19:15:00,649] INFO jute.maxbuffer value is 4194304 Bytes (org.apache.zookeeper.ClientCnxnSocket)
[2025-04-25 19:15:00,660] INFO zookeeper.request.timeout value is 0. feature enabled=false (org.apache.zookeeper.ClientCnxn)
[2025-04-25 19:15:00,662] INFO [ZooKeeperClient Kafka server] Waiting until connected. (kafka.zookeeper.ZooKeeperClient)
[2025-04-25 19:15:00,665] INFO Opening socket connection to server localhost/127.0.0.1:2181. (org.apache.zookeeper.ClientCnxn)
[2025-04-25 19:15:00,673] INFO Socket connection established, initiating session, client: /127.0.0.1:34020, server: localhost/127.0.0.1:2181 (org.apache.zookeeper.ClientCnxn)
[2025-04-25 19:15:00,693] INFO Creating new log file: log.1 (org.apache.zookeeper.server.persistence.FileTxnLog)
[2025-04-25 19:15:00,708] INFO Session establishment complete on server localhost/127.0.0.1:2181, session id = 0x100007e7b2a0000, negotiated timeout = 18000 (org.apache.zookeeper.ClientCnxn)
[2025-04-25 19:15:00,712] INFO [ZooKeeperClient Kafka server] Connected. (kafka.zookeeper.ZooKeeperClient)
[2025-04-25 19:15:00,998] INFO Cluster ID = bmp_3XxrQCiPdnxfuGR2ow (kafka.server.KafkaServer)
[2025-04-25 19:15:01,003] INFO RemoteLogManagerConfig values: 
	log.local.retention.bytes = -2
	log.local.retention.ms = -2
	remote.fetch.max.wait.ms = 500
	remote.log.index.file.cache.total.size.bytes = 1073741824
	remote.log.manager.copier.thread.pool.size = 10
	remote.log.manager.copy.max.bytes.per.second = 9223372036854775807
	remote.log.manager.copy.quota.window.num = 11
	remote.log.manager.copy.quota.window.size.seconds = 1
	remote.log.manager.expiration.thread.pool.size = 10
	remote.log.manager.fetch.max.bytes.per.second = 9223372036854775807
	remote.log.manager.fetch.quota.window.num = 11
	remote.log.manager.fetch.quota.window.size.seconds = 1
	remote.log.manager.task.interval.ms = 30000
	remote.log.manager.task.retry.backoff.max.ms = 30000
	remote.log.manager.task.retry.backoff.ms = 500
	remote.log.manager.task.retry.jitter = 0.2
	remote.log.manager.thread.pool.size = 10
	remote.log.metadata.custom.metadata.max.bytes = 128
	remote.log.metadata.manager.class.name = org.apache.kafka.server.log.remote.metadata.storage.TopicBasedRemoteLogMetadataManager
	remote.log.metadata.manager.class.path = null
	remote.log.metadata.manager.impl.prefix = rlmm.config.
	remote.log.metadata.manager.listener.name = null
	remote.log.reader.max.pending.tasks = 100
	remote.log.reader.threads = 10
	remote.log.storage.manager.class.name = null
	remote.log.storage.manager.class.path = null
	remote.log.storage.manager.impl.prefix = rsm.config.
	remote.log.storage.system.enable = false
 (org.apache.kafka.server.log.remote.storage.RemoteLogManagerConfig)
[2025-04-25 19:15:01,076] INFO RemoteLogManagerConfig values: 
	log.local.retention.bytes = -2
	log.local.retention.ms = -2
	remote.fetch.max.wait.ms = 500
	remote.log.index.file.cache.total.size.bytes = 1073741824
	remote.log.manager.copier.thread.pool.size = 10
	remote.log.manager.copy.max.bytes.per.second = 9223372036854775807
	remote.log.manager.copy.quota.window.num = 11
	remote.log.manager.copy.quota.window.size.seconds = 1
	remote.log.manager.expiration.thread.pool.size = 10
	remote.log.manager.fetch.max.bytes.per.second = 9223372036854775807
	remote.log.manager.fetch.quota.window.num = 11
	remote.log.manager.fetch.quota.window.size.seconds = 1
	remote.log.manager.task.interval.ms = 30000
	remote.log.manager.task.retry.backoff.max.ms = 30000
	remote.log.manager.task.retry.backoff.ms = 500
	remote.log.manager.task.retry.jitter = 0.2
	remote.log.manager.thread.pool.size = 10
	remote.log.metadata.custom.metadata.max.bytes = 128
	remote.log.metadata.manager.class.name = org.apache.kafka.server.log.remote.metadata.storage.TopicBasedRemoteLogMetadataManager
	remote.log.metadata.manager.class.path = null
	remote.log.metadata.manager.impl.prefix = rlmm.config.
	remote.log.metadata.manager.listener.name = null
	remote.log.reader.max.pending.tasks = 100
	remote.log.reader.threads = 10
	remote.log.storage.manager.class.name = null
	remote.log.storage.manager.class.path = null
	remote.log.storage.manager.impl.prefix = rsm.config.
	remote.log.storage.system.enable = false
 (org.apache.kafka.server.log.remote.storage.RemoteLogManagerConfig)
[2025-04-25 19:15:01,084] INFO KafkaConfig values: 
	advertised.listeners = null
	alter.config.policy.class.name = null
	alter.log.dirs.replication.quota.window.num = 11
	alter.log.dirs.replication.quota.window.size.seconds = 1
	authorizer.class.name = 
	auto.create.topics.enable = true
	auto.include.jmx.reporter = true
	auto.leader.rebalance.enable = true
	background.threads = 10
	broker.heartbeat.interval.ms = 2000
	broker.id = 0
	broker.id.generation.enable = true
	broker.rack = null
	broker.session.timeout.ms = 9000
	client.quota.callback.class = null
	compression.gzip.level = -1
	compression.lz4.level = 9
	compression.type = producer
	compression.zstd.level = 3
	connection.failed.authentication.delay.ms = 100
	connections.max.idle.ms = 600000
	connections.max.reauth.ms = 0
	control.plane.listener.name = null
	controlled.shutdown.enable = true
	controlled.shutdown.max.retries = 3
	controlled.shutdown.retry.backoff.ms = 5000
	controller.listener.names = null
	controller.quorum.append.linger.ms = 25
	controller.quorum.bootstrap.servers = []
	controller.quorum.election.backoff.max.ms = 1000
	controller.quorum.election.timeout.ms = 1000
	controller.quorum.fetch.timeout.ms = 2000
	controller.quorum.request.timeout.ms = 2000
	controller.quorum.retry.backoff.ms = 20
	controller.quorum.voters = []
	controller.quota.window.num = 11
	controller.quota.window.size.seconds = 1
	controller.socket.timeout.ms = 30000
	create.topic.policy.class.name = null
	default.replication.factor = 1
	delegation.token.expiry.check.interval.ms = 3600000
	delegation.token.expiry.time.ms = 86400000
	delegation.token.master.key = null
	delegation.token.max.lifetime.ms = 604800000
	delegation.token.secret.key = null
	delete.records.purgatory.purge.interval.requests = 1
	delete.topic.enable = true
	early.start.listeners = null
	eligible.leader.replicas.enable = false
	fetch.max.bytes = 57671680
	fetch.purgatory.purge.interval.requests = 1000
	group.consumer.assignors = [org.apache.kafka.coordinator.group.assignor.UniformAssignor, org.apache.kafka.coordinator.group.assignor.RangeAssignor]
	group.consumer.heartbeat.interval.ms = 5000
	group.consumer.max.heartbeat.interval.ms = 15000
	group.consumer.max.session.timeout.ms = 60000
	group.consumer.max.size = 2147483647
	group.consumer.migration.policy = disabled
	group.consumer.min.heartbeat.interval.ms = 5000
	group.consumer.min.session.timeout.ms = 45000
	group.consumer.session.timeout.ms = 45000
	group.coordinator.append.linger.ms = 10
	group.coordinator.new.enable = false
	group.coordinator.rebalance.protocols = [classic]
	group.coordinator.threads = 1
	group.initial.rebalance.delay.ms = 0
	group.max.session.timeout.ms = 1800000
	group.max.size = 2147483647
	group.min.session.timeout.ms = 6000
	initial.broker.registration.timeout.ms = 60000
	inter.broker.listener.name = null
	inter.broker.protocol.version = 3.8-IV0
	kafka.metrics.polling.interval.secs = 10
	kafka.metrics.reporters = []
	leader.imbalance.check.interval.seconds = 300
	leader.imbalance.per.broker.percentage = 10
	listener.security.protocol.map = SASL_SSL:SASL_SSL,PLAINTEXT:PLAINTEXT,SSL:SSL,SASL_PLAINTEXT:SASL_PLAINTEXT
	listeners = PLAINTEXT://:9092
	log.cleaner.backoff.ms = 15000
	log.cleaner.dedupe.buffer.size = 134217728
	log.cleaner.delete.retention.ms = 86400000
	log.cleaner.enable = true
	log.cleaner.io.buffer.load.factor = 0.9
	log.cleaner.io.buffer.size = 524288
	log.cleaner.io.max.bytes.per.second = 1.7976931348623157E308
	log.cleaner.max.compaction.lag.ms = 9223372036854775807
	log.cleaner.min.cleanable.ratio = 0.5
	log.cleaner.min.compaction.lag.ms = 0
	log.cleaner.threads = 1
	log.cleanup.policy = [delete]
	log.dir = /tmp/kafka-logs
	log.dir.failure.timeout.ms = 30000
	log.dirs = /tmp/kafka-logs
	log.flush.interval.messages = 9223372036854775807
	log.flush.interval.ms = null
	log.flush.offset.checkpoint.interval.ms = 60000
	log.flush.scheduler.interval.ms = 9223372036854775807
	log.flush.start.offset.checkpoint.interval.ms = 60000
	log.index.interval.bytes = 4096
	log.index.size.max.bytes = 10485760
	log.initial.task.delay.ms = 30000
	log.local.retention.bytes = -2
	log.local.retention.ms = -2
	log.message.downconversion.enable = true
	log.message.format.version = 3.0-IV1
	log.message.timestamp.after.max.ms = 9223372036854775807
	log.message.timestamp.before.max.ms = 9223372036854775807
	log.message.timestamp.difference.max.ms = 9223372036854775807
	log.message.timestamp.type = CreateTime
	log.preallocate = false
	log.retention.bytes = -1
	log.retention.check.interval.ms = 300000
	log.retention.hours = 168
	log.retention.minutes = null
	log.retention.ms = null
	log.roll.hours = 168
	log.roll.jitter.hours = 0
	log.roll.jitter.ms = null
	log.roll.ms = null
	log.segment.bytes = 1073741824
	log.segment.delete.delay.ms = 60000
	max.connection.creation.rate = 2147483647
	max.connections = 2147483647
	max.connections.per.ip = 2147483647
	max.connections.per.ip.overrides = 
	max.incremental.fetch.session.cache.slots = 1000
	max.request.partition.size.limit = 2000
	message.max.bytes = 1048588
	metadata.log.dir = null
	metadata.log.max.record.bytes.between.snapshots = 20971520
	metadata.log.max.snapshot.interval.ms = 3600000
	metadata.log.segment.bytes = 1073741824
	metadata.log.segment.min.bytes = 8388608
	metadata.log.segment.ms = 604800000
	metadata.max.idle.interval.ms = 500
	metadata.max.retention.bytes = 104857600
	metadata.max.retention.ms = 604800000
	metric.reporters = []
	metrics.num.samples = 2
	metrics.recording.level = INFO
	metrics.sample.window.ms = 30000
	min.insync.replicas = 1
	node.id = 0
	num.io.threads = 8
	num.network.threads = 3
	num.partitions = 1
	num.recovery.threads.per.data.dir = 1
	num.replica.alter.log.dirs.threads = null
	num.replica.fetchers = 1
	offset.metadata.max.bytes = 4096
	offsets.commit.required.acks = -1
	offsets.commit.timeout.ms = 5000
	offsets.load.buffer.size = 5242880
	offsets.retention.check.interval.ms = 600000
	offsets.retention.minutes = 10080
	offsets.topic.compression.codec = 0
	offsets.topic.num.partitions = 50
	offsets.topic.replication.factor = 1
	offsets.topic.segment.bytes = 104857600
	password.encoder.cipher.algorithm = AES/CBC/PKCS5Padding
	password.encoder.iterations = 4096
	password.encoder.key.length = 128
	password.encoder.keyfactory.algorithm = null
	password.encoder.old.secret = null
	password.encoder.secret = null
	principal.builder.class = class org.apache.kafka.common.security.authenticator.DefaultKafkaPrincipalBuilder
	process.roles = []
	producer.id.expiration.check.interval.ms = 600000
	producer.id.expiration.ms = 86400000
	producer.purgatory.purge.interval.requests = 1000
	queued.max.request.bytes = -1
	queued.max.requests = 500
	quota.window.num = 11
	quota.window.size.seconds = 1
	remote.fetch.max.wait.ms = 500
	remote.log.index.file.cache.total.size.bytes = 1073741824
	remote.log.manager.copier.thread.pool.size = 10
	remote.log.manager.copy.max.bytes.per.second = 9223372036854775807
	remote.log.manager.copy.quota.window.num = 11
	remote.log.manager.copy.quota.window.size.seconds = 1
	remote.log.manager.expiration.thread.pool.size = 10
	remote.log.manager.fetch.max.bytes.per.second = 9223372036854775807
	remote.log.manager.fetch.quota.window.num = 11
	remote.log.manager.fetch.quota.window.size.seconds = 1
	remote.log.manager.task.interval.ms = 30000
	remote.log.manager.task.retry.backoff.max.ms = 30000
	remote.log.manager.task.retry.backoff.ms = 500
	remote.log.manager.task.retry.jitter = 0.2
	remote.log.manager.thread.pool.size = 10
	remote.log.metadata.custom.metadata.max.bytes = 128
	remote.log.metadata.manager.class.name = org.apache.kafka.server.log.remote.metadata.storage.TopicBasedRemoteLogMetadataManager
	remote.log.metadata.manager.class.path = null
	remote.log.metadata.manager.impl.prefix = rlmm.config.
	remote.log.metadata.manager.listener.name = null
	remote.log.reader.max.pending.tasks = 100
	remote.log.reader.threads = 10
	remote.log.storage.manager.class.name = null
	remote.log.storage.manager.class.path = null
	remote.log.storage.manager.impl.prefix = rsm.config.
	remote.log.storage.system.enable = false
	replica.fetch.backoff.ms = 1000
	replica.fetch.max.bytes = 1048576
	replica.fetch.min.bytes = 1
	replica.fetch.response.max.bytes = 10485760
	replica.fetch.wait.max.ms = 500
	replica.high.watermark.checkpoint.interval.ms = 5000
	replica.lag.time.max.ms = 30000
	replica.selector.class = null
	replica.socket.receive.buffer.bytes = 65536
	replica.socket.timeout.ms = 30000
	replication.quota.window.num = 11
	replication.quota.window.size.seconds = 1
	request.timeout.ms = 30000
	reserved.broker.max.id = 1000
	sasl.client.callback.handler.class = null
	sasl.enabled.mechanisms = [GSSAPI]
	sasl.jaas.config = null
	sasl.kerberos.kinit.cmd = /usr/bin/kinit
	sasl.kerberos.min.time.before.relogin = 60000
	sasl.kerberos.principal.to.local.rules = [DEFAULT]
	sasl.kerberos.service.name = null
	sasl.kerberos.ticket.renew.jitter = 0.05
	sasl.kerberos.ticket.renew.window.factor = 0.8
	sasl.login.callback.handler.class = null
	sasl.login.class = null
	sasl.login.connect.timeout.ms = null
	sasl.login.read.timeout.ms = null
	sasl.login.refresh.buffer.seconds = 300
	sasl.login.refresh.min.period.seconds = 60
	sasl.login.refresh.window.factor = 0.8
	sasl.login.refresh.window.jitter = 0.05
	sasl.login.retry.backoff.max.ms = 10000
	sasl.login.retry.backoff.ms = 100
	sasl.mechanism.controller.protocol = GSSAPI
	sasl.mechanism.inter.broker.protocol = GSSAPI
	sasl.oauthbearer.clock.skew.seconds = 30
	sasl.oauthbearer.expected.audience = null
	sasl.oauthbearer.expected.issuer = null
	sasl.oauthbearer.jwks.endpoint.refresh.ms = 3600000
	sasl.oauthbearer.jwks.endpoint.retry.backoff.max.ms = 10000
	sasl.oauthbearer.jwks.endpoint.retry.backoff.ms = 100
	sasl.oauthbearer.jwks.endpoint.url = null
	sasl.oauthbearer.scope.claim.name = scope
	sasl.oauthbearer.sub.claim.name = sub
	sasl.oauthbearer.token.endpoint.url = null
	sasl.server.callback.handler.class = null
	sasl.server.max.receive.size = 524288
	security.inter.broker.protocol = PLAINTEXT
	security.providers = null
	server.max.startup.time.ms = 9223372036854775807
	socket.connection.setup.timeout.max.ms = 30000
	socket.connection.setup.timeout.ms = 10000
	socket.listen.backlog.size = 50
	socket.receive.buffer.bytes = 102400
	socket.request.max.bytes = 104857600
	socket.send.buffer.bytes = 102400
	ssl.allow.dn.changes = false
	ssl.allow.san.changes = false
	ssl.cipher.suites = []
	ssl.client.auth = none
	ssl.enabled.protocols = [TLSv1.2, TLSv1.3]
	ssl.endpoint.identification.algorithm = https
	ssl.engine.factory.class = null
	ssl.key.password = null
	ssl.keymanager.algorithm = SunX509
	ssl.keystore.certificate.chain = null
	ssl.keystore.key = null
	ssl.keystore.location = null
	ssl.keystore.password = null
	ssl.keystore.type = JKS
	ssl.principal.mapping.rules = DEFAULT
	ssl.protocol = TLSv1.3
	ssl.provider = null
	ssl.secure.random.implementation = null
	ssl.trustmanager.algorithm = PKIX
	ssl.truststore.certificates = null
	ssl.truststore.location = null
	ssl.truststore.password = null
	ssl.truststore.type = JKS
	telemetry.max.bytes = 1048576
	transaction.abort.timed.out.transaction.cleanup.interval.ms = 10000
	transaction.max.timeout.ms = 900000
	transaction.partition.verification.enable = true
	transaction.remove.expired.transaction.cleanup.interval.ms = 3600000
	transaction.state.log.load.buffer.size = 5242880
	transaction.state.log.min.isr = 1
	transaction.state.log.num.partitions = 50
	transaction.state.log.replication.factor = 1
	transaction.state.log.segment.bytes = 104857600
	transactional.id.expiration.ms = 604800000
	unclean.leader.election.enable = false
	unstable.api.versions.enable = false
	unstable.feature.versions.enable = false
	zookeeper.clientCnxnSocket = null
	zookeeper.connect = localhost:2181
	zookeeper.connection.timeout.ms = 18000
	zookeeper.max.in.flight.requests = 10
	zookeeper.metadata.migration.enable = false
	zookeeper.metadata.migration.min.batch.size = 200
	zookeeper.session.timeout.ms = 18000
	zookeeper.set.acl = false
	zookeeper.ssl.cipher.suites = null
	zookeeper.ssl.client.enable = false
	zookeeper.ssl.crl.enable = false
	zookeeper.ssl.enabled.protocols = null
	zookeeper.ssl.endpoint.identification.algorithm = HTTPS
	zookeeper.ssl.keystore.location = null
	zookeeper.ssl.keystore.password = null
	zookeeper.ssl.keystore.type = null
	zookeeper.ssl.ocsp.enable = false
	zookeeper.ssl.protocol = TLSv1.2
	zookeeper.ssl.truststore.location = null
	zookeeper.ssl.truststore.password = null
	zookeeper.ssl.truststore.type = null
 (kafka.server.KafkaConfig)
[2025-04-25 19:15:01,086] INFO RemoteLogManagerConfig values: 
	log.local.retention.bytes = -2
	log.local.retention.ms = -2
	remote.fetch.max.wait.ms = 500
	remote.log.index.file.cache.total.size.bytes = 1073741824
	remote.log.manager.copier.thread.pool.size = 10
	remote.log.manager.copy.max.bytes.per.second = 9223372036854775807
	remote.log.manager.copy.quota.window.num = 11
	remote.log.manager.copy.quota.window.size.seconds = 1
	remote.log.manager.expiration.thread.pool.size = 10
	remote.log.manager.fetch.max.bytes.per.second = 9223372036854775807
	remote.log.manager.fetch.quota.window.num = 11
	remote.log.manager.fetch.quota.window.size.seconds = 1
	remote.log.manager.task.interval.ms = 30000
	remote.log.manager.task.retry.backoff.max.ms = 30000
	remote.log.manager.task.retry.backoff.ms = 500
	remote.log.manager.task.retry.jitter = 0.2
	remote.log.manager.thread.pool.size = 10
	remote.log.metadata.custom.metadata.max.bytes = 128
	remote.log.metadata.manager.class.name = org.apache.kafka.server.log.remote.metadata.storage.TopicBasedRemoteLogMetadataManager
	remote.log.metadata.manager.class.path = null
	remote.log.metadata.manager.impl.prefix = rlmm.config.
	remote.log.metadata.manager.listener.name = null
	remote.log.reader.max.pending.tasks = 100
	remote.log.reader.threads = 10
	remote.log.storage.manager.class.name = null
	remote.log.storage.manager.class.path = null
	remote.log.storage.manager.impl.prefix = rsm.config.
	remote.log.storage.system.enable = false
 (org.apache.kafka.server.log.remote.storage.RemoteLogManagerConfig)
[2025-04-25 19:15:01,158] INFO [ThrottledChannelReaper-Fetch]: Starting (kafka.server.ClientQuotaManager$ThrottledChannelReaper)
[2025-04-25 19:15:01,159] INFO [ThrottledChannelReaper-Produce]: Starting (kafka.server.ClientQuotaManager$ThrottledChannelReaper)
[2025-04-25 19:15:01,161] INFO [ThrottledChannelReaper-Request]: Starting (kafka.server.ClientQuotaManager$ThrottledChannelReaper)
[2025-04-25 19:15:01,165] INFO [ThrottledChannelReaper-ControllerMutation]: Starting (kafka.server.ClientQuotaManager$ThrottledChannelReaper)
[2025-04-25 19:15:01,171] INFO [KafkaServer id=0] Rewriting /tmp/kafka-logs/meta.properties (kafka.server.KafkaServer)
[2025-04-25 19:15:01,223] INFO Loading logs from log dirs ArrayBuffer(/tmp/kafka-logs) (kafka.log.LogManager)
[2025-04-25 19:15:01,227] INFO No logs found to be loaded in /tmp/kafka-logs (kafka.log.LogManager)
[2025-04-25 19:15:01,241] INFO Loaded 0 logs in 18ms (kafka.log.LogManager)
[2025-04-25 19:15:01,266] INFO Starting log cleanup with a period of 300000 ms. (kafka.log.LogManager)
[2025-04-25 19:15:01,267] INFO Starting log flusher with a default period of 9223372036854775807 ms. (kafka.log.LogManager)
[2025-04-25 19:15:01,324] INFO [kafka-log-cleaner-thread-0]: Starting (kafka.log.LogCleaner$CleanerThread)
[2025-04-25 19:15:01,340] INFO [feature-zk-node-event-process-thread]: Starting (kafka.server.FinalizedFeatureChangeListener$ChangeNotificationProcessorThread)
[2025-04-25 19:15:01,353] INFO Feature ZK node at path: /feature does not exist (kafka.server.FinalizedFeatureChangeListener)
[2025-04-25 19:15:01,387] INFO [zk-broker-0-to-controller-forwarding-channel-manager]: Starting (kafka.server.NodeToControllerRequestThread)
[2025-04-25 19:15:01,761] INFO Updated connection-accept-rate max connection creation rate to 2147483647 (kafka.network.ConnectionQuotas)
[2025-04-25 19:15:01,798] INFO [SocketServer listenerType=ZK_BROKER, nodeId=0] Created data-plane acceptor and processors for endpoint : ListenerName(PLAINTEXT) (kafka.network.SocketServer)
[2025-04-25 19:15:01,804] INFO [zk-broker-0-to-controller-alter-partition-channel-manager]: Starting (kafka.server.NodeToControllerRequestThread)
[2025-04-25 19:15:01,837] INFO [ExpirationReaper-0-Produce]: Starting (kafka.server.DelayedOperationPurgatory$ExpiredOperationReaper)
[2025-04-25 19:15:01,838] INFO [ExpirationReaper-0-Fetch]: Starting (kafka.server.DelayedOperationPurgatory$ExpiredOperationReaper)
[2025-04-25 19:15:01,840] INFO [ExpirationReaper-0-DeleteRecords]: Starting (kafka.server.DelayedOperationPurgatory$ExpiredOperationReaper)
[2025-04-25 19:15:01,841] INFO [ExpirationReaper-0-ElectLeader]: Starting (kafka.server.DelayedOperationPurgatory$ExpiredOperationReaper)
[2025-04-25 19:15:01,842] INFO [ExpirationReaper-0-RemoteFetch]: Starting (kafka.server.DelayedOperationPurgatory$ExpiredOperationReaper)
[2025-04-25 19:15:01,859] INFO [LogDirFailureHandler]: Starting (kafka.server.ReplicaManager$LogDirFailureHandler)
[2025-04-25 19:15:01,860] INFO [AddPartitionsToTxnSenderThread-0]: Starting (kafka.server.AddPartitionsToTxnManager)
[2025-04-25 19:15:01,909] INFO Creating /brokers/ids/0 (is it secure? false) (kafka.zk.KafkaZkClient)
[2025-04-25 19:15:01,941] INFO Stat of the created znode at /brokers/ids/0 is: 25,25,1745622901927,1745622901927,1,0,0,72058137270157312,216,0,25
 (kafka.zk.KafkaZkClient)
[2025-04-25 19:15:01,942] INFO Registered broker 0 at path /brokers/ids/0 with addresses: PLAINTEXT://LAPTOP-ASJUD0VQ.:9092, czxid (broker epoch): 25 (kafka.zk.KafkaZkClient)
[2025-04-25 19:15:01,998] INFO [ExpirationReaper-0-topic]: Starting (kafka.server.DelayedOperationPurgatory$ExpiredOperationReaper)
[2025-04-25 19:15:02,006] INFO [ExpirationReaper-0-Heartbeat]: Starting (kafka.server.DelayedOperationPurgatory$ExpiredOperationReaper)
[2025-04-25 19:15:02,006] INFO [ExpirationReaper-0-Rebalance]: Starting (kafka.server.DelayedOperationPurgatory$ExpiredOperationReaper)
[2025-04-25 19:15:02,010] INFO Successfully created /controller_epoch with initial epoch 0 (kafka.zk.KafkaZkClient)
[2025-04-25 19:15:02,029] INFO [GroupCoordinator 0]: Starting up. (kafka.coordinator.group.GroupCoordinator)
[2025-04-25 19:15:02,035] INFO Feature ZK node created at path: /feature (kafka.server.FinalizedFeatureChangeListener)
[2025-04-25 19:15:02,040] INFO [GroupCoordinator 0]: Startup complete. (kafka.coordinator.group.GroupCoordinator)
[2025-04-25 19:15:02,066] INFO [TransactionCoordinator id=0] Starting up. (kafka.coordinator.transaction.TransactionCoordinator)
[2025-04-25 19:15:02,072] INFO [TransactionCoordinator id=0] Startup complete. (kafka.coordinator.transaction.TransactionCoordinator)
[2025-04-25 19:15:02,073] INFO [TxnMarkerSenderThread-0]: Starting (kafka.coordinator.transaction.TransactionMarkerChannelManager)
[2025-04-25 19:15:02,077] INFO [MetadataCache brokerId=0] Updated cache from existing None to latest Features(metadataVersion=3.8-IV0, finalizedFeatures={}, finalizedFeaturesEpoch=0). (kafka.server.metadata.ZkMetadataCache)
[2025-04-25 19:15:02,170] INFO [ExpirationReaper-0-AlterAcls]: Starting (kafka.server.DelayedOperationPurgatory$ExpiredOperationReaper)
[2025-04-25 19:15:02,218] INFO [Controller id=0, targetBrokerId=0] Node 0 disconnected. (org.apache.kafka.clients.NetworkClient)
[2025-04-25 19:15:02,219] INFO [/config/changes-event-process-thread]: Starting (kafka.common.ZkNodeChangeNotificationListener$ChangeEventProcessThread)
[2025-04-25 19:15:02,221] WARN [Controller id=0, targetBrokerId=0] Connection to node 0 (LAPTOP-ASJUD0VQ./127.0.1.1:9092) could not be established. Node may not be available. (org.apache.kafka.clients.NetworkClient)
[2025-04-25 19:15:02,226] INFO [Controller id=0, targetBrokerId=0] Client requested connection close from node 0 (org.apache.kafka.clients.NetworkClient)
[2025-04-25 19:15:02,239] INFO [SocketServer listenerType=ZK_BROKER, nodeId=0] Enabling request processing. (kafka.network.SocketServer)
[2025-04-25 19:15:02,243] INFO Awaiting socket connections on 0.0.0.0:9092. (kafka.network.DataPlaneAcceptor)
[2025-04-25 19:15:02,265] INFO [KafkaServer id=0] Start processing authorizer futures (kafka.server.KafkaServer)
[2025-04-25 19:15:02,266] INFO [KafkaServer id=0] End processing authorizer futures (kafka.server.KafkaServer)
[2025-04-25 19:15:02,266] INFO [KafkaServer id=0] Start processing enable request processing future (kafka.server.KafkaServer)
[2025-04-25 19:15:02,267] INFO [KafkaServer id=0] End processing enable request processing future (kafka.server.KafkaServer)
[2025-04-25 19:15:02,269] INFO Kafka version: 3.8.0 (org.apache.kafka.common.utils.AppInfoParser)
[2025-04-25 19:15:02,270] INFO Kafka commitId: 771b9576b00ecf5b (org.apache.kafka.common.utils.AppInfoParser)
[2025-04-25 19:15:02,270] INFO Kafka startTimeMs: 1745622902267 (org.apache.kafka.common.utils.AppInfoParser)
[2025-04-25 19:15:02,272] INFO [KafkaServer id=0] started (kafka.server.KafkaServer)
[2025-04-25 19:15:02,396] INFO [zk-broker-0-to-controller-forwarding-channel-manager]: Recorded new ZK controller, from now on will use node LAPTOP-ASJUD0VQ.:9092 (id: 0 rack: null) (kafka.server.NodeToControllerRequestThread)
[2025-04-25 19:15:02,409] INFO [zk-broker-0-to-controller-alter-partition-channel-manager]: Recorded new ZK controller, from now on will use node LAPTOP-ASJUD0VQ.:9092 (id: 0 rack: null) (kafka.server.NodeToControllerRequestThread)
[2025-04-25 19:30:54,172] INFO Creating topic words with configuration {} and initial partition assignment Map(0 -> ArrayBuffer(0)) (kafka.zk.AdminZkClient)
[2025-04-25 19:30:54,238] INFO [Controller id=0, targetBrokerId=0] Node 0 disconnected. (org.apache.kafka.clients.NetworkClient)
[2025-04-25 19:30:54,262] INFO [ReplicaFetcherManager on broker 0] Removed fetcher for partitions Set(words-0) (kafka.server.ReplicaFetcherManager)
[2025-04-25 19:30:54,310] INFO [LogLoader partition=words-0, dir=/tmp/kafka-logs] Loading producer state till offset 0 with message format version 2 (kafka.log.UnifiedLog$)
[2025-04-25 19:30:54,321] INFO Created log for partition words-0 in /tmp/kafka-logs/words-0 with properties {} (kafka.log.LogManager)
[2025-04-25 19:30:54,322] INFO [Partition words-0 broker=0] No checkpointed highwatermark is found for partition words-0 (kafka.cluster.Partition)
[2025-04-25 19:30:54,324] INFO [Partition words-0 broker=0] Log loaded for partition words-0 with initial high watermark 0 (kafka.cluster.Partition)
[2025-04-25 19:38:42,939] INFO Terminating process due to signal SIGINT (org.apache.kafka.common.utils.LoggingSignalHandler)
[2025-04-25 19:38:42,941] INFO [KafkaServer id=0] shutting down (kafka.server.KafkaServer)
[2025-04-25 19:38:42,942] INFO [KafkaServer id=0] Starting controlled shutdown (kafka.server.KafkaServer)
[2025-04-25 19:38:42,958] INFO [KafkaServer id=0] Controlled shutdown request returned successfully after 11ms (kafka.server.KafkaServer)
[2025-04-25 19:38:42,962] INFO [/config/changes-event-process-thread]: Shutting down (kafka.common.ZkNodeChangeNotificationListener$ChangeEventProcessThread)
[2025-04-25 19:38:42,963] INFO [/config/changes-event-process-thread]: Stopped (kafka.common.ZkNodeChangeNotificationListener$ChangeEventProcessThread)
[2025-04-25 19:38:42,963] INFO [/config/changes-event-process-thread]: Shutdown completed (kafka.common.ZkNodeChangeNotificationListener$ChangeEventProcessThread)
[2025-04-25 19:38:42,964] INFO [SocketServer listenerType=ZK_BROKER, nodeId=0] Stopping socket server request processors (kafka.network.SocketServer)
[2025-04-25 19:38:42,973] INFO [SocketServer listenerType=ZK_BROKER, nodeId=0] Stopped socket server request processors (kafka.network.SocketServer)
[2025-04-25 19:38:42,974] INFO [data-plane Kafka Request Handler on Broker 0], shutting down (kafka.server.KafkaRequestHandlerPool)
[2025-04-25 19:38:42,977] INFO [data-plane Kafka Request Handler on Broker 0], shut down completely (kafka.server.KafkaRequestHandlerPool)
[2025-04-25 19:38:42,984] INFO [ExpirationReaper-0-AlterAcls]: Shutting down (kafka.server.DelayedOperationPurgatory$ExpiredOperationReaper)
[2025-04-25 19:38:42,985] INFO [ExpirationReaper-0-AlterAcls]: Stopped (kafka.server.DelayedOperationPurgatory$ExpiredOperationReaper)
[2025-04-25 19:38:42,985] INFO [ExpirationReaper-0-AlterAcls]: Shutdown completed (kafka.server.DelayedOperationPurgatory$ExpiredOperationReaper)
[2025-04-25 19:38:42,987] INFO [KafkaApi-0] Shutdown complete. (kafka.server.KafkaApis)
[2025-04-25 19:38:42,988] INFO [ExpirationReaper-0-topic]: Shutting down (kafka.server.DelayedOperationPurgatory$ExpiredOperationReaper)
[2025-04-25 19:38:42,990] INFO [ExpirationReaper-0-topic]: Stopped (kafka.server.DelayedOperationPurgatory$ExpiredOperationReaper)
[2025-04-25 19:38:42,990] INFO [ExpirationReaper-0-topic]: Shutdown completed (kafka.server.DelayedOperationPurgatory$ExpiredOperationReaper)
[2025-04-25 19:38:42,992] INFO [TransactionCoordinator id=0] Shutting down. (kafka.coordinator.transaction.TransactionCoordinator)
[2025-04-25 19:38:42,994] INFO [Transaction State Manager 0]: Shutdown complete (kafka.coordinator.transaction.TransactionStateManager)
[2025-04-25 19:38:42,994] INFO [TxnMarkerSenderThread-0]: Shutting down (kafka.coordinator.transaction.TransactionMarkerChannelManager)
[2025-04-25 19:38:42,995] INFO [TxnMarkerSenderThread-0]: Stopped (kafka.coordinator.transaction.TransactionMarkerChannelManager)
[2025-04-25 19:38:42,995] INFO [TxnMarkerSenderThread-0]: Shutdown completed (kafka.coordinator.transaction.TransactionMarkerChannelManager)
[2025-04-25 19:38:42,997] INFO [TransactionCoordinator id=0] Shutdown complete. (kafka.coordinator.transaction.TransactionCoordinator)
[2025-04-25 19:38:42,997] INFO [GroupCoordinator 0]: Shutting down. (kafka.coordinator.group.GroupCoordinator)
[2025-04-25 19:38:42,999] INFO [ExpirationReaper-0-Heartbeat]: Shutting down (kafka.server.DelayedOperationPurgatory$ExpiredOperationReaper)
[2025-04-25 19:38:43,000] INFO [ExpirationReaper-0-Heartbeat]: Stopped (kafka.server.DelayedOperationPurgatory$ExpiredOperationReaper)
[2025-04-25 19:38:43,000] INFO [ExpirationReaper-0-Heartbeat]: Shutdown completed (kafka.server.DelayedOperationPurgatory$ExpiredOperationReaper)
[2025-04-25 19:38:43,001] INFO [ExpirationReaper-0-Rebalance]: Shutting down (kafka.server.DelayedOperationPurgatory$ExpiredOperationReaper)
[2025-04-25 19:38:43,002] INFO [ExpirationReaper-0-Rebalance]: Stopped (kafka.server.DelayedOperationPurgatory$ExpiredOperationReaper)
[2025-04-25 19:38:43,002] INFO [ExpirationReaper-0-Rebalance]: Shutdown completed (kafka.server.DelayedOperationPurgatory$ExpiredOperationReaper)
[2025-04-25 19:38:43,003] INFO [GroupCoordinator 0]: Shutdown complete. (kafka.coordinator.group.GroupCoordinator)
[2025-04-25 19:38:43,004] INFO [ReplicaManager broker=0] Shutting down (kafka.server.ReplicaManager)
[2025-04-25 19:38:43,005] INFO [LogDirFailureHandler]: Shutting down (kafka.server.ReplicaManager$LogDirFailureHandler)
[2025-04-25 19:38:43,006] INFO [LogDirFailureHandler]: Shutdown completed (kafka.server.ReplicaManager$LogDirFailureHandler)
[2025-04-25 19:38:43,006] INFO [LogDirFailureHandler]: Stopped (kafka.server.ReplicaManager$LogDirFailureHandler)
[2025-04-25 19:38:43,007] INFO [ReplicaFetcherManager on broker 0] shutting down (kafka.server.ReplicaFetcherManager)
[2025-04-25 19:38:43,008] INFO [ReplicaFetcherManager on broker 0] shutdown completed (kafka.server.ReplicaFetcherManager)
[2025-04-25 19:38:43,008] INFO [ReplicaAlterLogDirsManager on broker 0] shutting down (kafka.server.ReplicaAlterLogDirsManager)
[2025-04-25 19:38:43,009] INFO [ReplicaAlterLogDirsManager on broker 0] shutdown completed (kafka.server.ReplicaAlterLogDirsManager)
[2025-04-25 19:38:43,009] INFO [ExpirationReaper-0-Fetch]: Shutting down (kafka.server.DelayedOperationPurgatory$ExpiredOperationReaper)
[2025-04-25 19:38:43,010] INFO [ExpirationReaper-0-Fetch]: Stopped (kafka.server.DelayedOperationPurgatory$ExpiredOperationReaper)
[2025-04-25 19:38:43,010] INFO [ExpirationReaper-0-Fetch]: Shutdown completed (kafka.server.DelayedOperationPurgatory$ExpiredOperationReaper)
[2025-04-25 19:38:43,011] INFO [ExpirationReaper-0-RemoteFetch]: Shutting down (kafka.server.DelayedOperationPurgatory$ExpiredOperationReaper)
[2025-04-25 19:38:43,011] INFO [ExpirationReaper-0-RemoteFetch]: Stopped (kafka.server.DelayedOperationPurgatory$ExpiredOperationReaper)
[2025-04-25 19:38:43,012] INFO [ExpirationReaper-0-RemoteFetch]: Shutdown completed (kafka.server.DelayedOperationPurgatory$ExpiredOperationReaper)
[2025-04-25 19:38:43,013] INFO [ExpirationReaper-0-Produce]: Shutting down (kafka.server.DelayedOperationPurgatory$ExpiredOperationReaper)
[2025-04-25 19:38:43,013] INFO [ExpirationReaper-0-Produce]: Stopped (kafka.server.DelayedOperationPurgatory$ExpiredOperationReaper)
[2025-04-25 19:38:43,013] INFO [ExpirationReaper-0-Produce]: Shutdown completed (kafka.server.DelayedOperationPurgatory$ExpiredOperationReaper)
[2025-04-25 19:38:43,015] INFO [ExpirationReaper-0-DeleteRecords]: Shutting down (kafka.server.DelayedOperationPurgatory$ExpiredOperationReaper)
[2025-04-25 19:38:43,016] INFO [ExpirationReaper-0-DeleteRecords]: Stopped (kafka.server.DelayedOperationPurgatory$ExpiredOperationReaper)
[2025-04-25 19:38:43,016] INFO [ExpirationReaper-0-DeleteRecords]: Shutdown completed (kafka.server.DelayedOperationPurgatory$ExpiredOperationReaper)
[2025-04-25 19:38:43,017] INFO [ExpirationReaper-0-ElectLeader]: Shutting down (kafka.server.DelayedOperationPurgatory$ExpiredOperationReaper)
[2025-04-25 19:38:43,018] INFO [ExpirationReaper-0-ElectLeader]: Stopped (kafka.server.DelayedOperationPurgatory$ExpiredOperationReaper)
[2025-04-25 19:38:43,018] INFO [ExpirationReaper-0-ElectLeader]: Shutdown completed (kafka.server.DelayedOperationPurgatory$ExpiredOperationReaper)
[2025-04-25 19:38:43,036] INFO [AddPartitionsToTxnSenderThread-0]: Shutting down (kafka.server.AddPartitionsToTxnManager)
[2025-04-25 19:38:43,037] INFO [AddPartitionsToTxnSenderThread-0]: Shutdown completed (kafka.server.AddPartitionsToTxnManager)
[2025-04-25 19:38:43,037] INFO [AddPartitionsToTxnSenderThread-0]: Stopped (kafka.server.AddPartitionsToTxnManager)
[2025-04-25 19:38:43,039] INFO [ReplicaManager broker=0] Shut down completely (kafka.server.ReplicaManager)
[2025-04-25 19:38:43,039] INFO [zk-broker-0-to-controller-alter-partition-channel-manager]: Shutting down (kafka.server.NodeToControllerRequestThread)
[2025-04-25 19:38:43,040] INFO [zk-broker-0-to-controller-alter-partition-channel-manager]: Stopped (kafka.server.NodeToControllerRequestThread)
[2025-04-25 19:38:43,040] INFO [zk-broker-0-to-controller-alter-partition-channel-manager]: Shutdown completed (kafka.server.NodeToControllerRequestThread)
[2025-04-25 19:38:43,042] INFO Node to controller channel manager for alter-partition shutdown (kafka.server.NodeToControllerChannelManagerImpl)
[2025-04-25 19:38:43,042] INFO [zk-broker-0-to-controller-forwarding-channel-manager]: Shutting down (kafka.server.NodeToControllerRequestThread)
[2025-04-25 19:38:43,043] INFO [zk-broker-0-to-controller-forwarding-channel-manager]: Stopped (kafka.server.NodeToControllerRequestThread)
[2025-04-25 19:38:43,043] INFO [zk-broker-0-to-controller-forwarding-channel-manager]: Shutdown completed (kafka.server.NodeToControllerRequestThread)
[2025-04-25 19:38:43,044] INFO Node to controller channel manager for forwarding shutdown (kafka.server.NodeToControllerChannelManagerImpl)
[2025-04-25 19:38:43,045] INFO Shutting down. (kafka.log.LogManager)
[2025-04-25 19:38:43,048] INFO [kafka-log-cleaner-thread-0]: Shutting down (kafka.log.LogCleaner$CleanerThread)
[2025-04-25 19:38:43,048] INFO [kafka-log-cleaner-thread-0]: Shutdown completed (kafka.log.LogCleaner$CleanerThread)
[2025-04-25 19:38:43,048] INFO [kafka-log-cleaner-thread-0]: Stopped (kafka.log.LogCleaner$CleanerThread)
[2025-04-25 19:38:43,074] INFO [ProducerStateManager partition=words-0] Wrote producer snapshot at offset 232 with 0 producer ids in 5 ms. (org.apache.kafka.storage.internals.log.ProducerStateManager)
[2025-04-25 19:38:43,141] INFO Shutdown complete. (kafka.log.LogManager)
[2025-04-25 19:38:43,151] INFO [feature-zk-node-event-process-thread]: Shutting down (kafka.server.FinalizedFeatureChangeListener$ChangeNotificationProcessorThread)
[2025-04-25 19:38:43,151] INFO [feature-zk-node-event-process-thread]: Shutdown completed (kafka.server.FinalizedFeatureChangeListener$ChangeNotificationProcessorThread)
[2025-04-25 19:38:43,151] INFO [feature-zk-node-event-process-thread]: Stopped (kafka.server.FinalizedFeatureChangeListener$ChangeNotificationProcessorThread)
[2025-04-25 19:38:43,152] INFO [ZooKeeperClient Kafka server] Closing. (kafka.zookeeper.ZooKeeperClient)
[2025-04-25 19:38:43,262] INFO Session: 0x100007e7b2a0000 closed (org.apache.zookeeper.ZooKeeper)
[2025-04-25 19:38:43,262] INFO EventThread shut down for session: 0x100007e7b2a0000 (org.apache.zookeeper.ClientCnxn)
[2025-04-25 19:38:43,263] INFO [ZooKeeperClient Kafka server] Closed. (kafka.zookeeper.ZooKeeperClient)
[2025-04-25 19:38:43,264] INFO [ThrottledChannelReaper-Fetch]: Shutting down (kafka.server.ClientQuotaManager$ThrottledChannelReaper)
[2025-04-25 19:38:43,269] INFO [ThrottledChannelReaper-Fetch]: Stopped (kafka.server.ClientQuotaManager$ThrottledChannelReaper)
[2025-04-25 19:38:43,269] INFO [ThrottledChannelReaper-Fetch]: Shutdown completed (kafka.server.ClientQuotaManager$ThrottledChannelReaper)
[2025-04-25 19:38:43,270] INFO [ThrottledChannelReaper-Produce]: Shutting down (kafka.server.ClientQuotaManager$ThrottledChannelReaper)
[2025-04-25 19:38:43,270] INFO [ThrottledChannelReaper-Produce]: Stopped (kafka.server.ClientQuotaManager$ThrottledChannelReaper)
[2025-04-25 19:38:43,270] INFO [ThrottledChannelReaper-Produce]: Shutdown completed (kafka.server.ClientQuotaManager$ThrottledChannelReaper)
[2025-04-25 19:38:43,270] INFO [ThrottledChannelReaper-Request]: Shutting down (kafka.server.ClientQuotaManager$ThrottledChannelReaper)
[2025-04-25 19:38:43,271] INFO [ThrottledChannelReaper-Request]: Stopped (kafka.server.ClientQuotaManager$ThrottledChannelReaper)
[2025-04-25 19:38:43,271] INFO [ThrottledChannelReaper-Request]: Shutdown completed (kafka.server.ClientQuotaManager$ThrottledChannelReaper)
[2025-04-25 19:38:43,271] INFO [ThrottledChannelReaper-ControllerMutation]: Shutting down (kafka.server.ClientQuotaManager$ThrottledChannelReaper)
[2025-04-25 19:38:43,271] INFO [ThrottledChannelReaper-ControllerMutation]: Stopped (kafka.server.ClientQuotaManager$ThrottledChannelReaper)
[2025-04-25 19:38:43,271] INFO [ThrottledChannelReaper-ControllerMutation]: Shutdown completed (kafka.server.ClientQuotaManager$ThrottledChannelReaper)
[2025-04-25 19:38:43,272] INFO [SocketServer listenerType=ZK_BROKER, nodeId=0] Shutting down socket server (kafka.network.SocketServer)
[2025-04-25 19:38:43,288] INFO [SocketServer listenerType=ZK_BROKER, nodeId=0] Shutdown completed (kafka.network.SocketServer)
[2025-04-25 19:38:43,289] INFO Metrics scheduler closed (org.apache.kafka.common.metrics.Metrics)
[2025-04-25 19:38:43,290] INFO Closing reporter org.apache.kafka.common.metrics.JmxReporter (org.apache.kafka.common.metrics.Metrics)
[2025-04-25 19:38:43,290] INFO Metrics reporters closed (org.apache.kafka.common.metrics.Metrics)
[2025-04-25 19:38:43,291] INFO Broker and topic stats closed (kafka.server.BrokerTopicStats)
[2025-04-25 19:38:43,292] INFO App info kafka.server for 0 unregistered (org.apache.kafka.common.utils.AppInfoParser)
[2025-04-25 19:38:43,292] INFO [KafkaServer id=0] shut down completed (kafka.server.KafkaServer)
